{"/home/user/Celestia/CloudFunctions/index.js": {"path":"/home/user/Celestia/CloudFunctions/index.js","statementMap":{"0":{"start":{"line":6,"column":18},"end":{"line":6,"column":47}},"1":{"start":{"line":7,"column":14},"end":{"line":7,"column":39}},"2":{"start":{"line":8,"column":16},"end":{"line":8,"column":34}},"3":{"start":{"line":9,"column":13},"end":{"line":9,"column":28}},"4":{"start":{"line":10,"column":15},"end":{"line":10,"column":32}},"5":{"start":{"line":11,"column":30},"end":{"line":11,"column":62}},"6":{"start":{"line":14,"column":0},"end":{"line":14,"column":22}},"7":{"start":{"line":15,"column":11},"end":{"line":15,"column":28}},"8":{"start":{"line":16,"column":13},"end":{"line":16,"column":25}},"9":{"start":{"line":19,"column":26},"end":{"line":19,"column":64}},"10":{"start":{"line":20,"column":26},"end":{"line":20,"column":64}},"11":{"start":{"line":21,"column":21},"end":{"line":21,"column":54}},"12":{"start":{"line":22,"column":23},"end":{"line":22,"column":58}},"13":{"start":{"line":23,"column":24},"end":{"line":23,"column":60}},"14":{"start":{"line":24,"column":22},"end":{"line":24,"column":56}},"15":{"start":{"line":25,"column":17},"end":{"line":25,"column":46}},"16":{"start":{"line":26,"column":23},"end":{"line":26,"column":58}},"17":{"start":{"line":27,"column":22},"end":{"line":27,"column":56}},"18":{"start":{"line":34,"column":12},"end":{"line":34,"column":21}},"19":{"start":{"line":37,"column":0},"end":{"line":52,"column":4}},"20":{"start":{"line":54,"column":0},"end":{"line":54,"column":32}},"21":{"start":{"line":55,"column":0},"end":{"line":55,"column":24}},"22":{"start":{"line":66,"column":0},"end":{"line":152,"column":3}},"23":{"start":{"line":68,"column":2},"end":{"line":70,"column":3}},"24":{"start":{"line":69,"column":4},"end":{"line":69,"column":90}},"25":{"start":{"line":72,"column":37},"end":{"line":72,"column":41}},"26":{"start":{"line":73,"column":17},"end":{"line":73,"column":33}},"27":{"start":{"line":75,"column":2},"end":{"line":151,"column":3}},"28":{"start":{"line":77,"column":29},"end":{"line":77,"column":94}},"29":{"start":{"line":79,"column":4},"end":{"line":87,"column":5}},"30":{"start":{"line":80,"column":6},"end":{"line":84,"column":9}},"31":{"start":{"line":86,"column":6},"end":{"line":86,"column":108}},"32":{"start":{"line":90,"column":4},"end":{"line":92,"column":5}},"33":{"start":{"line":91,"column":6},"end":{"line":91,"column":86}},"34":{"start":{"line":95,"column":4},"end":{"line":103,"column":5}},"35":{"start":{"line":96,"column":6},"end":{"line":100,"column":9}},"36":{"start":{"line":102,"column":6},"end":{"line":102,"column":107}},"37":{"start":{"line":106,"column":24},"end":{"line":124,"column":6}},"38":{"start":{"line":127,"column":4},"end":{"line":127,"column":70}},"39":{"start":{"line":129,"column":4},"end":{"line":133,"column":7}},"40":{"start":{"line":135,"column":4},"end":{"line":141,"column":6}},"41":{"start":{"line":144,"column":4},"end":{"line":144,"column":89}},"42":{"start":{"line":147,"column":4},"end":{"line":149,"column":5}},"43":{"start":{"line":148,"column":6},"end":{"line":148,"column":18}},"44":{"start":{"line":150,"column":4},"end":{"line":150,"column":68}},"45":{"start":{"line":159,"column":0},"end":{"line":189,"column":3}},"46":{"start":{"line":160,"column":2},"end":{"line":188,"column":3}},"47":{"start":{"line":161,"column":4},"end":{"line":164,"column":7}},"48":{"start":{"line":167,"column":28},"end":{"line":167,"column":70}},"49":{"start":{"line":169,"column":4},"end":{"line":174,"column":5}},"50":{"start":{"line":170,"column":6},"end":{"line":172,"column":9}},"51":{"start":{"line":173,"column":6},"end":{"line":173,"column":55}},"52":{"start":{"line":176,"column":4},"end":{"line":176,"column":84}},"53":{"start":{"line":179,"column":4},"end":{"line":179,"column":62}},"54":{"start":{"line":181,"column":4},"end":{"line":181,"column":31}},"55":{"start":{"line":183,"column":4},"end":{"line":186,"column":7}},"56":{"start":{"line":187,"column":4},"end":{"line":187,"column":53}},"57":{"start":{"line":199,"column":0},"end":{"line":249,"column":3}},"58":{"start":{"line":200,"column":2},"end":{"line":202,"column":3}},"59":{"start":{"line":201,"column":4},"end":{"line":201,"column":90}},"60":{"start":{"line":204,"column":31},"end":{"line":204,"column":35}},"61":{"start":{"line":206,"column":2},"end":{"line":248,"column":3}},"62":{"start":{"line":208,"column":29},"end":{"line":208,"column":76}},"63":{"start":{"line":211,"column":4},"end":{"line":216,"column":7}},"64":{"start":{"line":219,"column":4},"end":{"line":237,"column":5}},"65":{"start":{"line":220,"column":6},"end":{"line":228,"column":9}},"66":{"start":{"line":231,"column":6},"end":{"line":236,"column":7}},"67":{"start":{"line":232,"column":8},"end":{"line":232,"column":54}},"68":{"start":{"line":235,"column":8},"end":{"line":235,"column":56}},"69":{"start":{"line":239,"column":4},"end":{"line":243,"column":6}},"70":{"start":{"line":246,"column":4},"end":{"line":246,"column":87}},"71":{"start":{"line":247,"column":4},"end":{"line":247,"column":68}},"72":{"start":{"line":254,"column":0},"end":{"line":299,"column":3}},"73":{"start":{"line":255,"column":2},"end":{"line":257,"column":3}},"74":{"start":{"line":256,"column":4},"end":{"line":256,"column":90}},"75":{"start":{"line":259,"column":40},"end":{"line":259,"column":44}},"76":{"start":{"line":261,"column":2},"end":{"line":298,"column":3}},"77":{"start":{"line":262,"column":29},"end":{"line":262,"column":71}},"78":{"start":{"line":265,"column":4},"end":{"line":271,"column":7}},"79":{"start":{"line":273,"column":4},"end":{"line":287,"column":5}},"80":{"start":{"line":274,"column":6},"end":{"line":282,"column":9}},"81":{"start":{"line":284,"column":6},"end":{"line":286,"column":7}},"82":{"start":{"line":285,"column":8},"end":{"line":285,"column":56}},"83":{"start":{"line":289,"column":4},"end":{"line":293,"column":6}},"84":{"start":{"line":296,"column":4},"end":{"line":296,"column":86}},"85":{"start":{"line":297,"column":4},"end":{"line":297,"column":68}},"86":{"start":{"line":309,"column":0},"end":{"line":348,"column":3}},"87":{"start":{"line":310,"column":2},"end":{"line":312,"column":3}},"88":{"start":{"line":311,"column":4},"end":{"line":311,"column":90}},"89":{"start":{"line":314,"column":25},"end":{"line":314,"column":29}},"90":{"start":{"line":315,"column":17},"end":{"line":315,"column":33}},"91":{"start":{"line":317,"column":2},"end":{"line":347,"column":3}},"92":{"start":{"line":319,"column":22},"end":{"line":319,"column":75}},"93":{"start":{"line":321,"column":4},"end":{"line":328,"column":5}},"94":{"start":{"line":322,"column":21},"end":{"line":322,"column":55}},"95":{"start":{"line":323,"column":6},"end":{"line":327,"column":8}},"96":{"start":{"line":331,"column":4},"end":{"line":331,"column":56}},"97":{"start":{"line":334,"column":22},"end":{"line":334,"column":78}},"98":{"start":{"line":336,"column":4},"end":{"line":339,"column":6}},"99":{"start":{"line":342,"column":4},"end":{"line":344,"column":5}},"100":{"start":{"line":343,"column":6},"end":{"line":343,"column":18}},"101":{"start":{"line":345,"column":4},"end":{"line":345,"column":99}},"102":{"start":{"line":346,"column":4},"end":{"line":346,"column":68}},"103":{"start":{"line":354,"column":0},"end":{"line":369,"column":3}},"104":{"start":{"line":355,"column":2},"end":{"line":357,"column":3}},"105":{"start":{"line":356,"column":4},"end":{"line":356,"column":90}},"106":{"start":{"line":359,"column":25},"end":{"line":359,"column":29}},"107":{"start":{"line":360,"column":17},"end":{"line":360,"column":33}},"108":{"start":{"line":362,"column":2},"end":{"line":368,"column":3}},"109":{"start":{"line":363,"column":19},"end":{"line":363,"column":72}},"110":{"start":{"line":364,"column":4},"end":{"line":364,"column":18}},"111":{"start":{"line":366,"column":4},"end":{"line":366,"column":104}},"112":{"start":{"line":367,"column":4},"end":{"line":367,"column":68}},"113":{"start":{"line":374,"column":0},"end":{"line":388,"column":3}},"114":{"start":{"line":375,"column":2},"end":{"line":377,"column":3}},"115":{"start":{"line":376,"column":4},"end":{"line":376,"column":90}},"116":{"start":{"line":379,"column":17},"end":{"line":379,"column":33}},"117":{"start":{"line":381,"column":2},"end":{"line":387,"column":3}},"118":{"start":{"line":382,"column":19},"end":{"line":382,"column":68}},"119":{"start":{"line":383,"column":4},"end":{"line":383,"column":18}},"120":{"start":{"line":385,"column":4},"end":{"line":385,"column":92}},"121":{"start":{"line":386,"column":4},"end":{"line":386,"column":68}},"122":{"start":{"line":394,"column":0},"end":{"line":408,"column":3}},"123":{"start":{"line":395,"column":2},"end":{"line":407,"column":3}},"124":{"start":{"line":397,"column":20},"end":{"line":397,"column":69}},"125":{"start":{"line":398,"column":4},"end":{"line":400,"column":5}},"126":{"start":{"line":399,"column":6},"end":{"line":399,"column":61}},"127":{"start":{"line":402,"column":18},"end":{"line":402,"column":49}},"128":{"start":{"line":403,"column":4},"end":{"line":403,"column":20}},"129":{"start":{"line":405,"column":4},"end":{"line":405,"column":74}},"130":{"start":{"line":406,"column":4},"end":{"line":406,"column":61}},"131":{"start":{"line":410,"column":0},"end":{"line":423,"column":3}},"132":{"start":{"line":411,"column":2},"end":{"line":422,"column":3}},"133":{"start":{"line":412,"column":20},"end":{"line":412,"column":69}},"134":{"start":{"line":413,"column":4},"end":{"line":415,"column":5}},"135":{"start":{"line":414,"column":6},"end":{"line":414,"column":61}},"136":{"start":{"line":417,"column":27},"end":{"line":417,"column":67}},"137":{"start":{"line":418,"column":4},"end":{"line":418,"column":29}},"138":{"start":{"line":420,"column":4},"end":{"line":420,"column":84}},"139":{"start":{"line":421,"column":4},"end":{"line":421,"column":61}},"140":{"start":{"line":425,"column":0},"end":{"line":440,"column":3}},"141":{"start":{"line":426,"column":2},"end":{"line":439,"column":3}},"142":{"start":{"line":427,"column":20},"end":{"line":427,"column":69}},"143":{"start":{"line":428,"column":4},"end":{"line":430,"column":5}},"144":{"start":{"line":429,"column":6},"end":{"line":429,"column":61}},"145":{"start":{"line":432,"column":42},"end":{"line":432,"column":50}},"146":{"start":{"line":433,"column":4},"end":{"line":433,"column":68}},"147":{"start":{"line":435,"column":4},"end":{"line":435,"column":32}},"148":{"start":{"line":437,"column":4},"end":{"line":437,"column":85}},"149":{"start":{"line":438,"column":4},"end":{"line":438,"column":61}},"150":{"start":{"line":444,"column":0},"end":{"line":458,"column":3}},"151":{"start":{"line":445,"column":2},"end":{"line":457,"column":3}},"152":{"start":{"line":446,"column":20},"end":{"line":446,"column":69}},"153":{"start":{"line":447,"column":4},"end":{"line":449,"column":5}},"154":{"start":{"line":448,"column":6},"end":{"line":448,"column":61}},"155":{"start":{"line":451,"column":19},"end":{"line":451,"column":51}},"156":{"start":{"line":452,"column":22},"end":{"line":452,"column":79}},"157":{"start":{"line":453,"column":4},"end":{"line":453,"column":24}},"158":{"start":{"line":455,"column":4},"end":{"line":455,"column":91}},"159":{"start":{"line":456,"column":4},"end":{"line":456,"column":61}},"160":{"start":{"line":460,"column":0},"end":{"line":473,"column":3}},"161":{"start":{"line":461,"column":2},"end":{"line":472,"column":3}},"162":{"start":{"line":462,"column":20},"end":{"line":462,"column":69}},"163":{"start":{"line":463,"column":4},"end":{"line":465,"column":5}},"164":{"start":{"line":464,"column":6},"end":{"line":464,"column":61}},"165":{"start":{"line":467,"column":22},"end":{"line":467,"column":62}},"166":{"start":{"line":468,"column":4},"end":{"line":468,"column":24}},"167":{"start":{"line":470,"column":4},"end":{"line":470,"column":84}},"168":{"start":{"line":471,"column":4},"end":{"line":471,"column":61}},"169":{"start":{"line":475,"column":0},"end":{"line":490,"column":3}},"170":{"start":{"line":476,"column":2},"end":{"line":489,"column":3}},"171":{"start":{"line":477,"column":20},"end":{"line":477,"column":69}},"172":{"start":{"line":478,"column":4},"end":{"line":480,"column":5}},"173":{"start":{"line":479,"column":6},"end":{"line":479,"column":61}},"174":{"start":{"line":482,"column":18},"end":{"line":482,"column":49}},"175":{"start":{"line":483,"column":19},"end":{"line":483,"column":51}},"176":{"start":{"line":484,"column":20},"end":{"line":484,"column":77}},"177":{"start":{"line":485,"column":4},"end":{"line":485,"column":22}},"178":{"start":{"line":487,"column":4},"end":{"line":487,"column":84}},"179":{"start":{"line":488,"column":4},"end":{"line":488,"column":61}},"180":{"start":{"line":492,"column":0},"end":{"line":506,"column":3}},"181":{"start":{"line":493,"column":2},"end":{"line":505,"column":3}},"182":{"start":{"line":494,"column":20},"end":{"line":494,"column":69}},"183":{"start":{"line":495,"column":4},"end":{"line":497,"column":5}},"184":{"start":{"line":496,"column":6},"end":{"line":496,"column":61}},"185":{"start":{"line":499,"column":51},"end":{"line":499,"column":59}},"186":{"start":{"line":500,"column":4},"end":{"line":500,"column":86}},"187":{"start":{"line":501,"column":4},"end":{"line":501,"column":32}},"188":{"start":{"line":503,"column":4},"end":{"line":503,"column":87}},"189":{"start":{"line":504,"column":4},"end":{"line":504,"column":61}},"190":{"start":{"line":511,"column":0},"end":{"line":527,"column":3}},"191":{"start":{"line":512,"column":2},"end":{"line":526,"column":3}},"192":{"start":{"line":513,"column":20},"end":{"line":513,"column":69}},"193":{"start":{"line":514,"column":4},"end":{"line":516,"column":5}},"194":{"start":{"line":515,"column":6},"end":{"line":515,"column":61}},"195":{"start":{"line":518,"column":44},"end":{"line":518,"column":52}},"196":{"start":{"line":519,"column":20},"end":{"line":519,"column":44}},"197":{"start":{"line":521,"column":20},"end":{"line":521,"column":96}},"198":{"start":{"line":522,"column":4},"end":{"line":522,"column":22}},"199":{"start":{"line":524,"column":4},"end":{"line":524,"column":83}},"200":{"start":{"line":525,"column":4},"end":{"line":525,"column":51}},"201":{"start":{"line":530,"column":0},"end":{"line":546,"column":3}},"202":{"start":{"line":531,"column":2},"end":{"line":545,"column":3}},"203":{"start":{"line":532,"column":20},"end":{"line":532,"column":69}},"204":{"start":{"line":533,"column":4},"end":{"line":535,"column":5}},"205":{"start":{"line":534,"column":6},"end":{"line":534,"column":61}},"206":{"start":{"line":537,"column":23},"end":{"line":537,"column":33}},"207":{"start":{"line":538,"column":18},"end":{"line":538,"column":50}},"208":{"start":{"line":540,"column":21},"end":{"line":540,"column":76}},"209":{"start":{"line":541,"column":4},"end":{"line":541,"column":23}},"210":{"start":{"line":543,"column":4},"end":{"line":543,"column":82}},"211":{"start":{"line":544,"column":4},"end":{"line":544,"column":51}},"212":{"start":{"line":549,"column":0},"end":{"line":563,"column":3}},"213":{"start":{"line":550,"column":2},"end":{"line":562,"column":3}},"214":{"start":{"line":551,"column":20},"end":{"line":551,"column":69}},"215":{"start":{"line":552,"column":4},"end":{"line":554,"column":5}},"216":{"start":{"line":553,"column":6},"end":{"line":553,"column":61}},"217":{"start":{"line":556,"column":19},"end":{"line":556,"column":51}},"218":{"start":{"line":557,"column":21},"end":{"line":557,"column":73}},"219":{"start":{"line":558,"column":4},"end":{"line":558,"column":23}},"220":{"start":{"line":560,"column":4},"end":{"line":560,"column":83}},"221":{"start":{"line":561,"column":4},"end":{"line":561,"column":51}},"222":{"start":{"line":566,"column":0},"end":{"line":585,"column":3}},"223":{"start":{"line":567,"column":2},"end":{"line":584,"column":3}},"224":{"start":{"line":568,"column":20},"end":{"line":568,"column":69}},"225":{"start":{"line":569,"column":4},"end":{"line":571,"column":5}},"226":{"start":{"line":570,"column":6},"end":{"line":570,"column":61}},"227":{"start":{"line":573,"column":20},"end":{"line":577,"column":5}},"228":{"start":{"line":579,"column":17},"end":{"line":579,"column":64}},"229":{"start":{"line":580,"column":4},"end":{"line":580,"column":19}},"230":{"start":{"line":582,"column":4},"end":{"line":582,"column":79}},"231":{"start":{"line":583,"column":4},"end":{"line":583,"column":51}},"232":{"start":{"line":588,"column":0},"end":{"line":608,"column":3}},"233":{"start":{"line":589,"column":2},"end":{"line":607,"column":3}},"234":{"start":{"line":590,"column":20},"end":{"line":590,"column":69}},"235":{"start":{"line":591,"column":4},"end":{"line":593,"column":5}},"236":{"start":{"line":592,"column":6},"end":{"line":592,"column":61}},"237":{"start":{"line":595,"column":24},"end":{"line":595,"column":32}},"238":{"start":{"line":597,"column":4},"end":{"line":601,"column":5}},"239":{"start":{"line":598,"column":6},"end":{"line":598,"column":46}},"240":{"start":{"line":600,"column":6},"end":{"line":600,"column":34}},"241":{"start":{"line":603,"column":4},"end":{"line":603,"column":58}},"242":{"start":{"line":605,"column":4},"end":{"line":605,"column":80}},"243":{"start":{"line":606,"column":4},"end":{"line":606,"column":51}},"244":{"start":{"line":615,"column":0},"end":{"line":635,"column":3}},"245":{"start":{"line":616,"column":2},"end":{"line":634,"column":3}},"246":{"start":{"line":617,"column":20},"end":{"line":617,"column":69}},"247":{"start":{"line":618,"column":4},"end":{"line":620,"column":5}},"248":{"start":{"line":619,"column":6},"end":{"line":619,"column":61}},"249":{"start":{"line":622,"column":20},"end":{"line":627,"column":5}},"250":{"start":{"line":629,"column":18},"end":{"line":629,"column":57}},"251":{"start":{"line":630,"column":4},"end":{"line":630,"column":20}},"252":{"start":{"line":632,"column":4},"end":{"line":632,"column":83}},"253":{"start":{"line":633,"column":4},"end":{"line":633,"column":51}},"254":{"start":{"line":638,"column":0},"end":{"line":651,"column":3}},"255":{"start":{"line":639,"column":2},"end":{"line":650,"column":3}},"256":{"start":{"line":640,"column":20},"end":{"line":640,"column":69}},"257":{"start":{"line":641,"column":4},"end":{"line":643,"column":5}},"258":{"start":{"line":642,"column":6},"end":{"line":642,"column":61}},"259":{"start":{"line":645,"column":24},"end":{"line":645,"column":66}},"260":{"start":{"line":646,"column":4},"end":{"line":646,"column":45}},"261":{"start":{"line":648,"column":4},"end":{"line":648,"column":86}},"262":{"start":{"line":649,"column":4},"end":{"line":649,"column":51}},"263":{"start":{"line":654,"column":0},"end":{"line":670,"column":3}},"264":{"start":{"line":655,"column":2},"end":{"line":669,"column":3}},"265":{"start":{"line":656,"column":20},"end":{"line":656,"column":69}},"266":{"start":{"line":657,"column":4},"end":{"line":659,"column":5}},"267":{"start":{"line":658,"column":6},"end":{"line":658,"column":61}},"268":{"start":{"line":661,"column":23},"end":{"line":661,"column":33}},"269":{"start":{"line":662,"column":28},"end":{"line":662,"column":36}},"270":{"start":{"line":664,"column":19},"end":{"line":664,"column":79}},"271":{"start":{"line":665,"column":4},"end":{"line":665,"column":21}},"272":{"start":{"line":667,"column":4},"end":{"line":667,"column":80}},"273":{"start":{"line":668,"column":4},"end":{"line":668,"column":51}},"274":{"start":{"line":673,"column":0},"end":{"line":686,"column":3}},"275":{"start":{"line":674,"column":2},"end":{"line":685,"column":3}},"276":{"start":{"line":675,"column":20},"end":{"line":675,"column":69}},"277":{"start":{"line":676,"column":4},"end":{"line":678,"column":5}},"278":{"start":{"line":677,"column":6},"end":{"line":677,"column":61}},"279":{"start":{"line":680,"column":20},"end":{"line":680,"column":59}},"280":{"start":{"line":681,"column":4},"end":{"line":681,"column":22}},"281":{"start":{"line":683,"column":4},"end":{"line":683,"column":86}},"282":{"start":{"line":684,"column":4},"end":{"line":684,"column":51}},"283":{"start":{"line":689,"column":0},"end":{"line":706,"column":3}},"284":{"start":{"line":690,"column":2},"end":{"line":705,"column":3}},"285":{"start":{"line":691,"column":20},"end":{"line":691,"column":69}},"286":{"start":{"line":692,"column":4},"end":{"line":694,"column":5}},"287":{"start":{"line":693,"column":6},"end":{"line":693,"column":61}},"288":{"start":{"line":696,"column":23},"end":{"line":696,"column":33}},"289":{"start":{"line":697,"column":40},"end":{"line":697,"column":48}},"290":{"start":{"line":698,"column":24},"end":{"line":698,"column":48}},"291":{"start":{"line":700,"column":19},"end":{"line":700,"column":105}},"292":{"start":{"line":701,"column":4},"end":{"line":701,"column":21}},"293":{"start":{"line":703,"column":4},"end":{"line":703,"column":82}},"294":{"start":{"line":704,"column":4},"end":{"line":704,"column":51}},"295":{"start":{"line":709,"column":0},"end":{"line":722,"column":3}},"296":{"start":{"line":710,"column":2},"end":{"line":721,"column":3}},"297":{"start":{"line":711,"column":20},"end":{"line":711,"column":69}},"298":{"start":{"line":712,"column":4},"end":{"line":714,"column":5}},"299":{"start":{"line":713,"column":6},"end":{"line":713,"column":61}},"300":{"start":{"line":716,"column":18},"end":{"line":716,"column":55}},"301":{"start":{"line":717,"column":4},"end":{"line":717,"column":20}},"302":{"start":{"line":719,"column":4},"end":{"line":719,"column":78}},"303":{"start":{"line":720,"column":4},"end":{"line":720,"column":51}},"304":{"start":{"line":725,"column":0},"end":{"line":738,"column":3}},"305":{"start":{"line":726,"column":2},"end":{"line":737,"column":3}},"306":{"start":{"line":727,"column":20},"end":{"line":727,"column":69}},"307":{"start":{"line":728,"column":4},"end":{"line":730,"column":5}},"308":{"start":{"line":729,"column":6},"end":{"line":729,"column":61}},"309":{"start":{"line":732,"column":20},"end":{"line":732,"column":62}},"310":{"start":{"line":733,"column":4},"end":{"line":733,"column":22}},"311":{"start":{"line":735,"column":4},"end":{"line":735,"column":83}},"312":{"start":{"line":736,"column":4},"end":{"line":736,"column":51}},"313":{"start":{"line":740,"column":0},"end":{"line":740,"column":50}},"314":{"start":{"line":747,"column":27},"end":{"line":747,"column":57}},"315":{"start":{"line":748,"column":21},"end":{"line":748,"column":48}},"316":{"start":{"line":750,"column":2},"end":{"line":755,"column":5}},"317":{"start":{"line":758,"column":22},"end":{"line":758,"column":61}},"318":{"start":{"line":759,"column":2},"end":{"line":759,"column":63}},"319":{"start":{"line":763,"column":2},"end":{"line":768,"column":5}},"320":{"start":{"line":771,"column":19},"end":{"line":774,"column":10}},"321":{"start":{"line":777,"column":2},"end":{"line":785,"column":3}},"322":{"start":{"line":778,"column":4},"end":{"line":782,"column":7}},"323":{"start":{"line":784,"column":4},"end":{"line":784,"column":85}},"324":{"start":{"line":789,"column":2},"end":{"line":791,"column":3}},"325":{"start":{"line":790,"column":4},"end":{"line":790,"column":17}},"326":{"start":{"line":793,"column":16},"end":{"line":793,"column":46}},"327":{"start":{"line":795,"column":2},"end":{"line":804,"column":3}},"328":{"start":{"line":796,"column":25},"end":{"line":796,"column":56}},"329":{"start":{"line":799,"column":20},"end":{"line":799,"column":76}},"330":{"start":{"line":800,"column":4},"end":{"line":800,"column":61}},"331":{"start":{"line":802,"column":4},"end":{"line":802,"column":88}},"332":{"start":{"line":803,"column":4},"end":{"line":803,"column":17}},"333":{"start":{"line":808,"column":2},"end":{"line":808,"column":54}},"334":{"start":{"line":808,"column":37},"end":{"line":808,"column":54}},"335":{"start":{"line":809,"column":2},"end":{"line":809,"column":48}},"336":{"start":{"line":809,"column":34},"end":{"line":809,"column":48}},"337":{"start":{"line":810,"column":2},"end":{"line":810,"column":17}},"338":{"start":{"line":814,"column":22},"end":{"line":818,"column":3}},"339":{"start":{"line":819,"column":2},"end":{"line":819,"column":48}},"340":{"start":{"line":829,"column":0},"end":{"line":843,"column":3}},"341":{"start":{"line":830,"column":2},"end":{"line":832,"column":3}},"342":{"start":{"line":831,"column":4},"end":{"line":831,"column":90}},"343":{"start":{"line":834,"column":32},"end":{"line":834,"column":36}},"344":{"start":{"line":836,"column":2},"end":{"line":842,"column":3}},"345":{"start":{"line":837,"column":4},"end":{"line":837,"column":65}},"346":{"start":{"line":838,"column":4},"end":{"line":838,"column":29}},"347":{"start":{"line":840,"column":4},"end":{"line":840,"column":86}},"348":{"start":{"line":841,"column":4},"end":{"line":841,"column":68}},"349":{"start":{"line":848,"column":0},"end":{"line":862,"column":3}},"350":{"start":{"line":849,"column":2},"end":{"line":851,"column":3}},"351":{"start":{"line":850,"column":4},"end":{"line":850,"column":90}},"352":{"start":{"line":853,"column":34},"end":{"line":853,"column":38}},"353":{"start":{"line":855,"column":2},"end":{"line":861,"column":3}},"354":{"start":{"line":856,"column":4},"end":{"line":856,"column":69}},"355":{"start":{"line":857,"column":4},"end":{"line":857,"column":29}},"356":{"start":{"line":859,"column":4},"end":{"line":859,"column":88}},"357":{"start":{"line":860,"column":4},"end":{"line":860,"column":68}},"358":{"start":{"line":867,"column":0},"end":{"line":881,"column":3}},"359":{"start":{"line":868,"column":2},"end":{"line":870,"column":3}},"360":{"start":{"line":869,"column":4},"end":{"line":869,"column":90}},"361":{"start":{"line":872,"column":31},"end":{"line":872,"column":35}},"362":{"start":{"line":874,"column":2},"end":{"line":880,"column":3}},"363":{"start":{"line":875,"column":4},"end":{"line":875,"column":63}},"364":{"start":{"line":876,"column":4},"end":{"line":876,"column":29}},"365":{"start":{"line":878,"column":4},"end":{"line":878,"column":85}},"366":{"start":{"line":879,"column":4},"end":{"line":879,"column":68}},"367":{"start":{"line":887,"column":0},"end":{"line":899,"column":5}},"368":{"start":{"line":891,"column":4},"end":{"line":898,"column":5}},"369":{"start":{"line":892,"column":21},"end":{"line":892,"column":71}},"370":{"start":{"line":893,"column":6},"end":{"line":893,"column":60}},"371":{"start":{"line":894,"column":6},"end":{"line":894,"column":20}},"372":{"start":{"line":896,"column":6},"end":{"line":896,"column":80}},"373":{"start":{"line":897,"column":6},"end":{"line":897,"column":38}},"374":{"start":{"line":902,"column":0},"end":{"line":902,"column":22}},"375":{"start":{"line":903,"column":0},"end":{"line":903,"column":16}}},"fnMap":{"0":{"name":"(anonymous_0)","decl":{"start":{"line":66,"column":49},"end":{"line":66,"column":50}},"loc":{"start":{"line":66,"column":74},"end":{"line":152,"column":1}},"line":66},"1":{"name":"(anonymous_1)","decl":{"start":{"line":159,"column":49},"end":{"line":159,"column":50}},"loc":{"start":{"line":159,"column":69},"end":{"line":189,"column":1}},"line":159},"2":{"name":"(anonymous_2)","decl":{"start":{"line":199,"column":47},"end":{"line":199,"column":48}},"loc":{"start":{"line":199,"column":72},"end":{"line":249,"column":1}},"line":199},"3":{"name":"(anonymous_3)","decl":{"start":{"line":254,"column":46},"end":{"line":254,"column":47}},"loc":{"start":{"line":254,"column":71},"end":{"line":299,"column":1}},"line":254},"4":{"name":"(anonymous_4)","decl":{"start":{"line":309,"column":46},"end":{"line":309,"column":47}},"loc":{"start":{"line":309,"column":71},"end":{"line":348,"column":1}},"line":309},"5":{"name":"(anonymous_5)","decl":{"start":{"line":354,"column":51},"end":{"line":354,"column":52}},"loc":{"start":{"line":354,"column":76},"end":{"line":369,"column":1}},"line":354},"6":{"name":"(anonymous_6)","decl":{"start":{"line":374,"column":52},"end":{"line":374,"column":53}},"loc":{"start":{"line":374,"column":77},"end":{"line":388,"column":1}},"line":374},"7":{"name":"(anonymous_7)","decl":{"start":{"line":394,"column":24},"end":{"line":394,"column":25}},"loc":{"start":{"line":394,"column":44},"end":{"line":408,"column":1}},"line":394},"8":{"name":"(anonymous_8)","decl":{"start":{"line":410,"column":34},"end":{"line":410,"column":35}},"loc":{"start":{"line":410,"column":54},"end":{"line":423,"column":1}},"line":410},"9":{"name":"(anonymous_9)","decl":{"start":{"line":425,"column":36},"end":{"line":425,"column":37}},"loc":{"start":{"line":425,"column":56},"end":{"line":440,"column":1}},"line":425},"10":{"name":"(anonymous_10)","decl":{"start":{"line":444,"column":41},"end":{"line":444,"column":42}},"loc":{"start":{"line":444,"column":61},"end":{"line":458,"column":1}},"line":444},"11":{"name":"(anonymous_11)","decl":{"start":{"line":460,"column":34},"end":{"line":460,"column":35}},"loc":{"start":{"line":460,"column":54},"end":{"line":473,"column":1}},"line":460},"12":{"name":"(anonymous_12)","decl":{"start":{"line":475,"column":34},"end":{"line":475,"column":35}},"loc":{"start":{"line":475,"column":54},"end":{"line":490,"column":1}},"line":475},"13":{"name":"(anonymous_13)","decl":{"start":{"line":492,"column":38},"end":{"line":492,"column":39}},"loc":{"start":{"line":492,"column":58},"end":{"line":506,"column":1}},"line":492},"14":{"name":"(anonymous_14)","decl":{"start":{"line":511,"column":34},"end":{"line":511,"column":35}},"loc":{"start":{"line":511,"column":54},"end":{"line":527,"column":1}},"line":511},"15":{"name":"(anonymous_15)","decl":{"start":{"line":530,"column":40},"end":{"line":530,"column":41}},"loc":{"start":{"line":530,"column":60},"end":{"line":546,"column":1}},"line":530},"16":{"name":"(anonymous_16)","decl":{"start":{"line":549,"column":33},"end":{"line":549,"column":34}},"loc":{"start":{"line":549,"column":53},"end":{"line":563,"column":1}},"line":549},"17":{"name":"(anonymous_17)","decl":{"start":{"line":566,"column":29},"end":{"line":566,"column":30}},"loc":{"start":{"line":566,"column":49},"end":{"line":585,"column":1}},"line":566},"18":{"name":"(anonymous_18)","decl":{"start":{"line":588,"column":31},"end":{"line":588,"column":32}},"loc":{"start":{"line":588,"column":51},"end":{"line":608,"column":1}},"line":588},"19":{"name":"(anonymous_19)","decl":{"start":{"line":615,"column":35},"end":{"line":615,"column":36}},"loc":{"start":{"line":615,"column":55},"end":{"line":635,"column":1}},"line":615},"20":{"name":"(anonymous_20)","decl":{"start":{"line":638,"column":36},"end":{"line":638,"column":37}},"loc":{"start":{"line":638,"column":56},"end":{"line":651,"column":1}},"line":638},"21":{"name":"(anonymous_21)","decl":{"start":{"line":654,"column":51},"end":{"line":654,"column":52}},"loc":{"start":{"line":654,"column":71},"end":{"line":670,"column":1}},"line":654},"22":{"name":"(anonymous_22)","decl":{"start":{"line":673,"column":48},"end":{"line":673,"column":49}},"loc":{"start":{"line":673,"column":68},"end":{"line":686,"column":1}},"line":673},"23":{"name":"(anonymous_23)","decl":{"start":{"line":689,"column":53},"end":{"line":689,"column":54}},"loc":{"start":{"line":689,"column":73},"end":{"line":706,"column":1}},"line":689},"24":{"name":"(anonymous_24)","decl":{"start":{"line":709,"column":41},"end":{"line":709,"column":42}},"loc":{"start":{"line":709,"column":61},"end":{"line":722,"column":1}},"line":709},"25":{"name":"(anonymous_25)","decl":{"start":{"line":725,"column":45},"end":{"line":725,"column":46}},"loc":{"start":{"line":725,"column":65},"end":{"line":738,"column":1}},"line":725},"26":{"name":"updateUserSubscription","decl":{"start":{"line":746,"column":15},"end":{"line":746,"column":37}},"loc":{"start":{"line":746,"column":75},"end":{"line":760,"column":1}},"line":746},"27":{"name":"warnUser","decl":{"start":{"line":762,"column":15},"end":{"line":762,"column":23}},"loc":{"start":{"line":762,"column":40},"end":{"line":786,"column":1}},"line":762},"28":{"name":"verifyAdminToken","decl":{"start":{"line":788,"column":15},"end":{"line":788,"column":31}},"loc":{"start":{"line":788,"column":44},"end":{"line":805,"column":1}},"line":788},"29":{"name":"getSubscriptionTier","decl":{"start":{"line":807,"column":9},"end":{"line":807,"column":28}},"loc":{"start":{"line":807,"column":40},"end":{"line":811,"column":1}},"line":807},"30":{"name":"getConsumablesForTier","decl":{"start":{"line":813,"column":9},"end":{"line":813,"column":30}},"loc":{"start":{"line":813,"column":37},"end":{"line":820,"column":1}},"line":813},"31":{"name":"(anonymous_31)","decl":{"start":{"line":829,"column":55},"end":{"line":829,"column":56}},"loc":{"start":{"line":829,"column":80},"end":{"line":843,"column":1}},"line":829},"32":{"name":"(anonymous_32)","decl":{"start":{"line":848,"column":57},"end":{"line":848,"column":58}},"loc":{"start":{"line":848,"column":82},"end":{"line":862,"column":1}},"line":848},"33":{"name":"(anonymous_33)","decl":{"start":{"line":867,"column":54},"end":{"line":867,"column":55}},"loc":{"start":{"line":867,"column":79},"end":{"line":881,"column":1}},"line":867},"34":{"name":"(anonymous_34)","decl":{"start":{"line":890,"column":9},"end":{"line":890,"column":10}},"loc":{"start":{"line":890,"column":28},"end":{"line":899,"column":3}},"line":890}},"branchMap":{"0":{"loc":{"start":{"line":68,"column":2},"end":{"line":70,"column":3}},"type":"if","locations":[{"start":{"line":68,"column":2},"end":{"line":70,"column":3}},{"start":{},"end":{}}],"line":68},"1":{"loc":{"start":{"line":79,"column":4},"end":{"line":87,"column":5}},"type":"if","locations":[{"start":{"line":79,"column":4},"end":{"line":87,"column":5}},{"start":{},"end":{}}],"line":79},"2":{"loc":{"start":{"line":86,"column":63},"end":{"line":86,"column":106}},"type":"binary-expr","locations":[{"start":{"line":86,"column":63},"end":{"line":86,"column":85}},{"start":{"line":86,"column":89},"end":{"line":86,"column":106}}],"line":86},"3":{"loc":{"start":{"line":90,"column":4},"end":{"line":92,"column":5}},"type":"if","locations":[{"start":{"line":90,"column":4},"end":{"line":92,"column":5}},{"start":{},"end":{}}],"line":90},"4":{"loc":{"start":{"line":95,"column":4},"end":{"line":103,"column":5}},"type":"if","locations":[{"start":{"line":95,"column":4},"end":{"line":103,"column":5}},{"start":{},"end":{}}],"line":95},"5":{"loc":{"start":{"line":112,"column":18},"end":{"line":112,"column":53}},"type":"binary-expr","locations":[{"start":{"line":112,"column":18},"end":{"line":112,"column":45}},{"start":{"line":112,"column":49},"end":{"line":112,"column":53}}],"line":112},"6":{"loc":{"start":{"line":114,"column":21},"end":{"line":114,"column":60}},"type":"binary-expr","locations":[{"start":{"line":114,"column":21},"end":{"line":114,"column":51}},{"start":{"line":114,"column":55},"end":{"line":114,"column":60}}],"line":114},"7":{"loc":{"start":{"line":115,"column":26},"end":{"line":115,"column":69}},"type":"binary-expr","locations":[{"start":{"line":115,"column":26},"end":{"line":115,"column":61}},{"start":{"line":115,"column":65},"end":{"line":115,"column":69}}],"line":115},"8":{"loc":{"start":{"line":116,"column":21},"end":{"line":116,"column":60}},"type":"binary-expr","locations":[{"start":{"line":116,"column":21},"end":{"line":116,"column":51}},{"start":{"line":116,"column":55},"end":{"line":116,"column":60}}],"line":116},"9":{"loc":{"start":{"line":117,"column":28},"end":{"line":117,"column":74}},"type":"binary-expr","locations":[{"start":{"line":117,"column":28},"end":{"line":117,"column":65}},{"start":{"line":117,"column":69},"end":{"line":117,"column":74}}],"line":117},"10":{"loc":{"start":{"line":147,"column":4},"end":{"line":149,"column":5}},"type":"if","locations":[{"start":{"line":147,"column":4},"end":{"line":149,"column":5}},{"start":{},"end":{}}],"line":147},"11":{"loc":{"start":{"line":163,"column":15},"end":{"line":163,"column":58}},"type":"binary-expr","locations":[{"start":{"line":163,"column":15},"end":{"line":163,"column":45}},{"start":{"line":163,"column":49},"end":{"line":163,"column":58}}],"line":163},"12":{"loc":{"start":{"line":169,"column":4},"end":{"line":174,"column":5}},"type":"if","locations":[{"start":{"line":169,"column":4},"end":{"line":174,"column":5}},{"start":{},"end":{}}],"line":169},"13":{"loc":{"start":{"line":200,"column":2},"end":{"line":202,"column":3}},"type":"if","locations":[{"start":{"line":200,"column":2},"end":{"line":202,"column":3}},{"start":{},"end":{}}],"line":200},"14":{"loc":{"start":{"line":219,"column":4},"end":{"line":237,"column":5}},"type":"if","locations":[{"start":{"line":219,"column":4},"end":{"line":237,"column":5}},{"start":{},"end":{}}],"line":219},"15":{"loc":{"start":{"line":231,"column":6},"end":{"line":236,"column":7}},"type":"if","locations":[{"start":{"line":231,"column":6},"end":{"line":236,"column":7}},{"start":{},"end":{}}],"line":231},"16":{"loc":{"start":{"line":255,"column":2},"end":{"line":257,"column":3}},"type":"if","locations":[{"start":{"line":255,"column":2},"end":{"line":257,"column":3}},{"start":{},"end":{}}],"line":255},"17":{"loc":{"start":{"line":273,"column":4},"end":{"line":287,"column":5}},"type":"if","locations":[{"start":{"line":273,"column":4},"end":{"line":287,"column":5}},{"start":{},"end":{}}],"line":273},"18":{"loc":{"start":{"line":284,"column":6},"end":{"line":286,"column":7}},"type":"if","locations":[{"start":{"line":284,"column":6},"end":{"line":286,"column":7}},{"start":{},"end":{}}],"line":284},"19":{"loc":{"start":{"line":310,"column":2},"end":{"line":312,"column":3}},"type":"if","locations":[{"start":{"line":310,"column":2},"end":{"line":312,"column":3}},{"start":{},"end":{}}],"line":310},"20":{"loc":{"start":{"line":321,"column":4},"end":{"line":328,"column":5}},"type":"if","locations":[{"start":{"line":321,"column":4},"end":{"line":328,"column":5}},{"start":{},"end":{}}],"line":321},"21":{"loc":{"start":{"line":342,"column":4},"end":{"line":344,"column":5}},"type":"if","locations":[{"start":{"line":342,"column":4},"end":{"line":344,"column":5}},{"start":{},"end":{}}],"line":342},"22":{"loc":{"start":{"line":355,"column":2},"end":{"line":357,"column":3}},"type":"if","locations":[{"start":{"line":355,"column":2},"end":{"line":357,"column":3}},{"start":{},"end":{}}],"line":355},"23":{"loc":{"start":{"line":375,"column":2},"end":{"line":377,"column":3}},"type":"if","locations":[{"start":{"line":375,"column":2},"end":{"line":377,"column":3}},{"start":{},"end":{}}],"line":375},"24":{"loc":{"start":{"line":398,"column":4},"end":{"line":400,"column":5}},"type":"if","locations":[{"start":{"line":398,"column":4},"end":{"line":400,"column":5}},{"start":{},"end":{}}],"line":398},"25":{"loc":{"start":{"line":413,"column":4},"end":{"line":415,"column":5}},"type":"if","locations":[{"start":{"line":413,"column":4},"end":{"line":415,"column":5}},{"start":{},"end":{}}],"line":413},"26":{"loc":{"start":{"line":428,"column":4},"end":{"line":430,"column":5}},"type":"if","locations":[{"start":{"line":428,"column":4},"end":{"line":430,"column":5}},{"start":{},"end":{}}],"line":428},"27":{"loc":{"start":{"line":447,"column":4},"end":{"line":449,"column":5}},"type":"if","locations":[{"start":{"line":447,"column":4},"end":{"line":449,"column":5}},{"start":{},"end":{}}],"line":447},"28":{"loc":{"start":{"line":451,"column":19},"end":{"line":451,"column":51}},"type":"binary-expr","locations":[{"start":{"line":451,"column":19},"end":{"line":451,"column":45}},{"start":{"line":451,"column":49},"end":{"line":451,"column":51}}],"line":451},"29":{"loc":{"start":{"line":463,"column":4},"end":{"line":465,"column":5}},"type":"if","locations":[{"start":{"line":463,"column":4},"end":{"line":465,"column":5}},{"start":{},"end":{}}],"line":463},"30":{"loc":{"start":{"line":478,"column":4},"end":{"line":480,"column":5}},"type":"if","locations":[{"start":{"line":478,"column":4},"end":{"line":480,"column":5}},{"start":{},"end":{}}],"line":478},"31":{"loc":{"start":{"line":482,"column":18},"end":{"line":482,"column":49}},"type":"binary-expr","locations":[{"start":{"line":482,"column":18},"end":{"line":482,"column":43}},{"start":{"line":482,"column":47},"end":{"line":482,"column":49}}],"line":482},"32":{"loc":{"start":{"line":483,"column":19},"end":{"line":483,"column":51}},"type":"binary-expr","locations":[{"start":{"line":483,"column":19},"end":{"line":483,"column":45}},{"start":{"line":483,"column":49},"end":{"line":483,"column":51}}],"line":483},"33":{"loc":{"start":{"line":495,"column":4},"end":{"line":497,"column":5}},"type":"if","locations":[{"start":{"line":495,"column":4},"end":{"line":497,"column":5}},{"start":{},"end":{}}],"line":495},"34":{"loc":{"start":{"line":514,"column":4},"end":{"line":516,"column":5}},"type":"if","locations":[{"start":{"line":514,"column":4},"end":{"line":516,"column":5}},{"start":{},"end":{}}],"line":514},"35":{"loc":{"start":{"line":519,"column":20},"end":{"line":519,"column":44}},"type":"binary-expr","locations":[{"start":{"line":519,"column":20},"end":{"line":519,"column":31}},{"start":{"line":519,"column":35},"end":{"line":519,"column":44}}],"line":519},"36":{"loc":{"start":{"line":533,"column":4},"end":{"line":535,"column":5}},"type":"if","locations":[{"start":{"line":533,"column":4},"end":{"line":535,"column":5}},{"start":{},"end":{}}],"line":533},"37":{"loc":{"start":{"line":538,"column":18},"end":{"line":538,"column":50}},"type":"binary-expr","locations":[{"start":{"line":538,"column":18},"end":{"line":538,"column":43}},{"start":{"line":538,"column":47},"end":{"line":538,"column":50}}],"line":538},"38":{"loc":{"start":{"line":552,"column":4},"end":{"line":554,"column":5}},"type":"if","locations":[{"start":{"line":552,"column":4},"end":{"line":554,"column":5}},{"start":{},"end":{}}],"line":552},"39":{"loc":{"start":{"line":556,"column":19},"end":{"line":556,"column":51}},"type":"binary-expr","locations":[{"start":{"line":556,"column":19},"end":{"line":556,"column":45}},{"start":{"line":556,"column":49},"end":{"line":556,"column":51}}],"line":556},"40":{"loc":{"start":{"line":569,"column":4},"end":{"line":571,"column":5}},"type":"if","locations":[{"start":{"line":569,"column":4},"end":{"line":571,"column":5}},{"start":{},"end":{}}],"line":569},"41":{"loc":{"start":{"line":574,"column":13},"end":{"line":574,"column":44}},"type":"binary-expr","locations":[{"start":{"line":574,"column":13},"end":{"line":574,"column":38}},{"start":{"line":574,"column":42},"end":{"line":574,"column":44}}],"line":574},"42":{"loc":{"start":{"line":575,"column":15},"end":{"line":575,"column":40}},"type":"binary-expr","locations":[{"start":{"line":575,"column":15},"end":{"line":575,"column":32}},{"start":{"line":575,"column":36},"end":{"line":575,"column":40}}],"line":575},"43":{"loc":{"start":{"line":576,"column":14},"end":{"line":576,"column":38}},"type":"binary-expr","locations":[{"start":{"line":576,"column":14},"end":{"line":576,"column":30}},{"start":{"line":576,"column":34},"end":{"line":576,"column":38}}],"line":576},"44":{"loc":{"start":{"line":591,"column":4},"end":{"line":593,"column":5}},"type":"if","locations":[{"start":{"line":591,"column":4},"end":{"line":593,"column":5}},{"start":{},"end":{}}],"line":591},"45":{"loc":{"start":{"line":597,"column":4},"end":{"line":601,"column":5}},"type":"if","locations":[{"start":{"line":597,"column":4},"end":{"line":601,"column":5}},{"start":{"line":599,"column":11},"end":{"line":601,"column":5}}],"line":597},"46":{"loc":{"start":{"line":618,"column":4},"end":{"line":620,"column":5}},"type":"if","locations":[{"start":{"line":618,"column":4},"end":{"line":620,"column":5}},{"start":{},"end":{}}],"line":618},"47":{"loc":{"start":{"line":623,"column":13},"end":{"line":623,"column":44}},"type":"binary-expr","locations":[{"start":{"line":623,"column":13},"end":{"line":623,"column":38}},{"start":{"line":623,"column":42},"end":{"line":623,"column":44}}],"line":623},"48":{"loc":{"start":{"line":624,"column":14},"end":{"line":624,"column":43}},"type":"binary-expr","locations":[{"start":{"line":624,"column":14},"end":{"line":624,"column":30}},{"start":{"line":624,"column":34},"end":{"line":624,"column":43}}],"line":624},"49":{"loc":{"start":{"line":625,"column":18},"end":{"line":625,"column":46}},"type":"binary-expr","locations":[{"start":{"line":625,"column":18},"end":{"line":625,"column":38}},{"start":{"line":625,"column":42},"end":{"line":625,"column":46}}],"line":625},"50":{"loc":{"start":{"line":626,"column":21},"end":{"line":626,"column":52}},"type":"binary-expr","locations":[{"start":{"line":626,"column":21},"end":{"line":626,"column":44}},{"start":{"line":626,"column":48},"end":{"line":626,"column":52}}],"line":626},"51":{"loc":{"start":{"line":641,"column":4},"end":{"line":643,"column":5}},"type":"if","locations":[{"start":{"line":641,"column":4},"end":{"line":643,"column":5}},{"start":{},"end":{}}],"line":641},"52":{"loc":{"start":{"line":657,"column":4},"end":{"line":659,"column":5}},"type":"if","locations":[{"start":{"line":657,"column":4},"end":{"line":659,"column":5}},{"start":{},"end":{}}],"line":657},"53":{"loc":{"start":{"line":676,"column":4},"end":{"line":678,"column":5}},"type":"if","locations":[{"start":{"line":676,"column":4},"end":{"line":678,"column":5}},{"start":{},"end":{}}],"line":676},"54":{"loc":{"start":{"line":692,"column":4},"end":{"line":694,"column":5}},"type":"if","locations":[{"start":{"line":692,"column":4},"end":{"line":694,"column":5}},{"start":{},"end":{}}],"line":692},"55":{"loc":{"start":{"line":698,"column":24},"end":{"line":698,"column":48}},"type":"binary-expr","locations":[{"start":{"line":698,"column":24},"end":{"line":698,"column":35}},{"start":{"line":698,"column":39},"end":{"line":698,"column":48}}],"line":698},"56":{"loc":{"start":{"line":712,"column":4},"end":{"line":714,"column":5}},"type":"if","locations":[{"start":{"line":712,"column":4},"end":{"line":714,"column":5}},{"start":{},"end":{}}],"line":712},"57":{"loc":{"start":{"line":728,"column":4},"end":{"line":730,"column":5}},"type":"if","locations":[{"start":{"line":728,"column":4},"end":{"line":730,"column":5}},{"start":{},"end":{}}],"line":728},"58":{"loc":{"start":{"line":777,"column":2},"end":{"line":785,"column":3}},"type":"if","locations":[{"start":{"line":777,"column":2},"end":{"line":785,"column":3}},{"start":{},"end":{}}],"line":777},"59":{"loc":{"start":{"line":789,"column":2},"end":{"line":791,"column":3}},"type":"if","locations":[{"start":{"line":789,"column":2},"end":{"line":791,"column":3}},{"start":{},"end":{}}],"line":789},"60":{"loc":{"start":{"line":789,"column":6},"end":{"line":789,"column":54}},"type":"binary-expr","locations":[{"start":{"line":789,"column":6},"end":{"line":789,"column":17}},{"start":{"line":789,"column":21},"end":{"line":789,"column":54}}],"line":789},"61":{"loc":{"start":{"line":800,"column":11},"end":{"line":800,"column":60}},"type":"binary-expr","locations":[{"start":{"line":800,"column":11},"end":{"line":800,"column":25}},{"start":{"line":800,"column":29},"end":{"line":800,"column":60}}],"line":800},"62":{"loc":{"start":{"line":808,"column":2},"end":{"line":808,"column":54}},"type":"if","locations":[{"start":{"line":808,"column":2},"end":{"line":808,"column":54}},{"start":{},"end":{}}],"line":808},"63":{"loc":{"start":{"line":809,"column":2},"end":{"line":809,"column":48}},"type":"if","locations":[{"start":{"line":809,"column":2},"end":{"line":809,"column":48}},{"start":{},"end":{}}],"line":809},"64":{"loc":{"start":{"line":819,"column":9},"end":{"line":819,"column":47}},"type":"binary-expr","locations":[{"start":{"line":819,"column":9},"end":{"line":819,"column":26}},{"start":{"line":819,"column":30},"end":{"line":819,"column":47}}],"line":819},"65":{"loc":{"start":{"line":830,"column":2},"end":{"line":832,"column":3}},"type":"if","locations":[{"start":{"line":830,"column":2},"end":{"line":832,"column":3}},{"start":{},"end":{}}],"line":830},"66":{"loc":{"start":{"line":849,"column":2},"end":{"line":851,"column":3}},"type":"if","locations":[{"start":{"line":849,"column":2},"end":{"line":851,"column":3}},{"start":{},"end":{}}],"line":849},"67":{"loc":{"start":{"line":868,"column":2},"end":{"line":870,"column":3}},"type":"if","locations":[{"start":{"line":868,"column":2},"end":{"line":870,"column":3}},{"start":{},"end":{}}],"line":868}},"s":{"0":0,"1":0,"2":0,"3":0,"4":0,"5":0,"6":0,"7":0,"8":0,"9":0,"10":0,"11":0,"12":0,"13":0,"14":0,"15":0,"16":0,"17":0,"18":0,"19":0,"20":0,"21":0,"22":0,"23":0,"24":0,"25":0,"26":0,"27":0,"28":0,"29":0,"30":0,"31":0,"32":0,"33":0,"34":0,"35":0,"36":0,"37":0,"38":0,"39":0,"40":0,"41":0,"42":0,"43":0,"44":0,"45":0,"46":0,"47":0,"48":0,"49":0,"50":0,"51":0,"52":0,"53":0,"54":0,"55":0,"56":0,"57":0,"58":0,"59":0,"60":0,"61":0,"62":0,"63":0,"64":0,"65":0,"66":0,"67":0,"68":0,"69":0,"70":0,"71":0,"72":0,"73":0,"74":0,"75":0,"76":0,"77":0,"78":0,"79":0,"80":0,"81":0,"82":0,"83":0,"84":0,"85":0,"86":0,"87":0,"88":0,"89":0,"90":0,"91":0,"92":0,"93":0,"94":0,"95":0,"96":0,"97":0,"98":0,"99":0,"100":0,"101":0,"102":0,"103":0,"104":0,"105":0,"106":0,"107":0,"108":0,"109":0,"110":0,"111":0,"112":0,"113":0,"114":0,"115":0,"116":0,"117":0,"118":0,"119":0,"120":0,"121":0,"122":0,"123":0,"124":0,"125":0,"126":0,"127":0,"128":0,"129":0,"130":0,"131":0,"132":0,"133":0,"134":0,"135":0,"136":0,"137":0,"138":0,"139":0,"140":0,"141":0,"142":0,"143":0,"144":0,"145":0,"146":0,"147":0,"148":0,"149":0,"150":0,"151":0,"152":0,"153":0,"154":0,"155":0,"156":0,"157":0,"158":0,"159":0,"160":0,"161":0,"162":0,"163":0,"164":0,"165":0,"166":0,"167":0,"168":0,"169":0,"170":0,"171":0,"172":0,"173":0,"174":0,"175":0,"176":0,"177":0,"178":0,"179":0,"180":0,"181":0,"182":0,"183":0,"184":0,"185":0,"186":0,"187":0,"188":0,"189":0,"190":0,"191":0,"192":0,"193":0,"194":0,"195":0,"196":0,"197":0,"198":0,"199":0,"200":0,"201":0,"202":0,"203":0,"204":0,"205":0,"206":0,"207":0,"208":0,"209":0,"210":0,"211":0,"212":0,"213":0,"214":0,"215":0,"216":0,"217":0,"218":0,"219":0,"220":0,"221":0,"222":0,"223":0,"224":0,"225":0,"226":0,"227":0,"228":0,"229":0,"230":0,"231":0,"232":0,"233":0,"234":0,"235":0,"236":0,"237":0,"238":0,"239":0,"240":0,"241":0,"242":0,"243":0,"244":0,"245":0,"246":0,"247":0,"248":0,"249":0,"250":0,"251":0,"252":0,"253":0,"254":0,"255":0,"256":0,"257":0,"258":0,"259":0,"260":0,"261":0,"262":0,"263":0,"264":0,"265":0,"266":0,"267":0,"268":0,"269":0,"270":0,"271":0,"272":0,"273":0,"274":0,"275":0,"276":0,"277":0,"278":0,"279":0,"280":0,"281":0,"282":0,"283":0,"284":0,"285":0,"286":0,"287":0,"288":0,"289":0,"290":0,"291":0,"292":0,"293":0,"294":0,"295":0,"296":0,"297":0,"298":0,"299":0,"300":0,"301":0,"302":0,"303":0,"304":0,"305":0,"306":0,"307":0,"308":0,"309":0,"310":0,"311":0,"312":0,"313":0,"314":0,"315":0,"316":0,"317":0,"318":0,"319":0,"320":0,"321":0,"322":0,"323":0,"324":0,"325":0,"326":0,"327":0,"328":0,"329":0,"330":0,"331":0,"332":0,"333":0,"334":0,"335":0,"336":0,"337":0,"338":0,"339":0,"340":0,"341":0,"342":0,"343":0,"344":0,"345":0,"346":0,"347":0,"348":0,"349":0,"350":0,"351":0,"352":0,"353":0,"354":0,"355":0,"356":0,"357":0,"358":0,"359":0,"360":0,"361":0,"362":0,"363":0,"364":0,"365":0,"366":0,"367":0,"368":0,"369":0,"370":0,"371":0,"372":0,"373":0,"374":0,"375":0},"f":{"0":0,"1":0,"2":0,"3":0,"4":0,"5":0,"6":0,"7":0,"8":0,"9":0,"10":0,"11":0,"12":0,"13":0,"14":0,"15":0,"16":0,"17":0,"18":0,"19":0,"20":0,"21":0,"22":0,"23":0,"24":0,"25":0,"26":0,"27":0,"28":0,"29":0,"30":0,"31":0,"32":0,"33":0,"34":0},"b":{"0":[0,0],"1":[0,0],"2":[0,0],"3":[0,0],"4":[0,0],"5":[0,0],"6":[0,0],"7":[0,0],"8":[0,0],"9":[0,0],"10":[0,0],"11":[0,0],"12":[0,0],"13":[0,0],"14":[0,0],"15":[0,0],"16":[0,0],"17":[0,0],"18":[0,0],"19":[0,0],"20":[0,0],"21":[0,0],"22":[0,0],"23":[0,0],"24":[0,0],"25":[0,0],"26":[0,0],"27":[0,0],"28":[0,0],"29":[0,0],"30":[0,0],"31":[0,0],"32":[0,0],"33":[0,0],"34":[0,0],"35":[0,0],"36":[0,0],"37":[0,0],"38":[0,0],"39":[0,0],"40":[0,0],"41":[0,0],"42":[0,0],"43":[0,0],"44":[0,0],"45":[0,0],"46":[0,0],"47":[0,0],"48":[0,0],"49":[0,0],"50":[0,0],"51":[0,0],"52":[0,0],"53":[0,0],"54":[0,0],"55":[0,0],"56":[0,0],"57":[0,0],"58":[0,0],"59":[0,0],"60":[0,0],"61":[0,0],"62":[0,0],"63":[0,0],"64":[0,0],"65":[0,0],"66":[0,0],"67":[0,0]}}
,"/home/user/Celestia/CloudFunctions/modules/adminDashboard.js": {"path":"/home/user/Celestia/CloudFunctions/modules/adminDashboard.js","statementMap":{"0":{"start":{"line":13,"column":14},"end":{"line":13,"column":39}},"1":{"start":{"line":14,"column":18},"end":{"line":14,"column":47}},"2":{"start":{"line":20,"column":14},"end":{"line":20,"column":23}},"3":{"start":{"line":21,"column":18},"end":{"line":21,"column":31}},"4":{"start":{"line":31,"column":14},"end":{"line":31,"column":24}},"5":{"start":{"line":32,"column":17},"end":{"line":32,"column":31}},"6":{"start":{"line":34,"column":2},"end":{"line":37,"column":3}},"7":{"start":{"line":35,"column":4},"end":{"line":35,"column":48}},"8":{"start":{"line":36,"column":4},"end":{"line":36,"column":23}},"9":{"start":{"line":39,"column":2},"end":{"line":39,"column":68}},"10":{"start":{"line":40,"column":15},"end":{"line":40,"column":30}},"11":{"start":{"line":41,"column":2},"end":{"line":41,"column":43}},"12":{"start":{"line":43,"column":2},"end":{"line":43,"column":14}},"13":{"start":{"line":51,"column":16},"end":{"line":51,"column":54}},"14":{"start":{"line":52,"column":23},"end":{"line":52,"column":25}},"15":{"start":{"line":54,"column":2},"end":{"line":58,"column":3}},"16":{"start":{"line":55,"column":4},"end":{"line":57,"column":5}},"17":{"start":{"line":56,"column":6},"end":{"line":56,"column":29}},"18":{"start":{"line":60,"column":2},"end":{"line":60,"column":49}},"19":{"start":{"line":60,"column":30},"end":{"line":60,"column":47}},"20":{"start":{"line":61,"column":2},"end":{"line":61,"column":86}},"21":{"start":{"line":68,"column":15},"end":{"line":68,"column":25}},"22":{"start":{"line":69,"column":2},"end":{"line":69,"column":16}},"23":{"start":{"line":70,"column":2},"end":{"line":70,"column":67}},"24":{"start":{"line":74,"column":0},"end":{"line":89,"column":19}},"25":{"start":{"line":75,"column":14},"end":{"line":75,"column":24}},"26":{"start":{"line":76,"column":23},"end":{"line":76,"column":25}},"27":{"start":{"line":78,"column":2},"end":{"line":82,"column":3}},"28":{"start":{"line":79,"column":4},"end":{"line":81,"column":5}},"29":{"start":{"line":80,"column":6},"end":{"line":80,"column":29}},"30":{"start":{"line":84,"column":2},"end":{"line":84,"column":49}},"31":{"start":{"line":84,"column":30},"end":{"line":84,"column":47}},"32":{"start":{"line":86,"column":2},"end":{"line":88,"column":3}},"33":{"start":{"line":87,"column":4},"end":{"line":87,"column":93}},"34":{"start":{"line":102,"column":13},"end":{"line":102,"column":30}},"35":{"start":{"line":104,"column":2},"end":{"line":117,"column":3}},"36":{"start":{"line":105,"column":4},"end":{"line":112,"column":7}},"37":{"start":{"line":114,"column":4},"end":{"line":114,"column":70}},"38":{"start":{"line":116,"column":4},"end":{"line":116,"column":100}},"39":{"start":{"line":125,"column":2},"end":{"line":255,"column":5}},"40":{"start":{"line":126,"column":15},"end":{"line":126,"column":32}},"41":{"start":{"line":128,"column":4},"end":{"line":254,"column":5}},"42":{"start":{"line":131,"column":28},"end":{"line":131,"column":62}},"43":{"start":{"line":132,"column":20},"end":{"line":132,"column":61}},"44":{"start":{"line":132,"column":50},"end":{"line":132,"column":60}},"45":{"start":{"line":134,"column":23},"end":{"line":134,"column":35}},"46":{"start":{"line":135,"column":24},"end":{"line":139,"column":13}},"47":{"start":{"line":136,"column":25},"end":{"line":136,"column":47}},"48":{"start":{"line":137,"column":21},"end":{"line":137,"column":63}},"49":{"start":{"line":138,"column":6},"end":{"line":138,"column":47}},"50":{"start":{"line":141,"column":25},"end":{"line":141,"column":71}},"51":{"start":{"line":141,"column":43},"end":{"line":141,"column":63}},"52":{"start":{"line":142,"column":26},"end":{"line":142,"column":73}},"53":{"start":{"line":142,"column":44},"end":{"line":142,"column":65}},"54":{"start":{"line":143,"column":27},"end":{"line":143,"column":73}},"55":{"start":{"line":143,"column":45},"end":{"line":143,"column":65}},"56":{"start":{"line":146,"column":28},"end":{"line":148,"column":12}},"57":{"start":{"line":150,"column":25},"end":{"line":150,"column":45}},"58":{"start":{"line":153,"column":22},"end":{"line":153,"column":64}},"59":{"start":{"line":154,"column":29},"end":{"line":156,"column":12}},"60":{"start":{"line":158,"column":28},"end":{"line":158,"column":49}},"61":{"start":{"line":161,"column":26},"end":{"line":161,"column":73}},"62":{"start":{"line":162,"column":30},"end":{"line":165,"column":12}},"63":{"start":{"line":167,"column":22},"end":{"line":167,"column":67}},"64":{"start":{"line":167,"column":56},"end":{"line":167,"column":66}},"65":{"start":{"line":168,"column":20},"end":{"line":168,"column":47}},"66":{"start":{"line":171,"column":30},"end":{"line":171,"column":72}},"67":{"start":{"line":171,"column":52},"end":{"line":171,"column":71}},"68":{"start":{"line":172,"column":24},"end":{"line":172,"column":48}},"69":{"start":{"line":173,"column":23},"end":{"line":173,"column":99}},"70":{"start":{"line":176,"column":30},"end":{"line":179,"column":12}},"71":{"start":{"line":181,"column":26},"end":{"line":181,"column":48}},"72":{"start":{"line":184,"column":40},"end":{"line":186,"column":12}},"73":{"start":{"line":188,"column":32},"end":{"line":188,"column":64}},"74":{"start":{"line":191,"column":35},"end":{"line":193,"column":12}},"75":{"start":{"line":195,"column":27},"end":{"line":195,"column":54}},"76":{"start":{"line":197,"column":29},"end":{"line":199,"column":12}},"77":{"start":{"line":201,"column":28},"end":{"line":201,"column":49}},"78":{"start":{"line":204,"column":25},"end":{"line":204,"column":71}},"79":{"start":{"line":205,"column":21},"end":{"line":208,"column":13}},"80":{"start":{"line":206,"column":24},"end":{"line":206,"column":45}},"81":{"start":{"line":207,"column":6},"end":{"line":207,"column":51}},"82":{"start":{"line":211,"column":22},"end":{"line":211,"column":85}},"83":{"start":{"line":213,"column":4},"end":{"line":249,"column":6}},"84":{"start":{"line":252,"column":6},"end":{"line":252,"column":74}},"85":{"start":{"line":253,"column":6},"end":{"line":253,"column":18}},"86":{"start":{"line":264,"column":13},"end":{"line":264,"column":30}},"87":{"start":{"line":270,"column":6},"end":{"line":270,"column":13}},"88":{"start":{"line":272,"column":2},"end":{"line":310,"column":3}},"89":{"start":{"line":273,"column":16},"end":{"line":277,"column":21}},"90":{"start":{"line":279,"column":4},"end":{"line":281,"column":5}},"91":{"start":{"line":280,"column":6},"end":{"line":280,"column":54}},"92":{"start":{"line":283,"column":21},"end":{"line":283,"column":38}},"93":{"start":{"line":285,"column":18},"end":{"line":303,"column":7}},"94":{"start":{"line":286,"column":19},"end":{"line":286,"column":29}},"95":{"start":{"line":289,"column":22},"end":{"line":289,"column":73}},"96":{"start":{"line":290,"column":23},"end":{"line":290,"column":59}},"97":{"start":{"line":292,"column":6},"end":{"line":302,"column":8}},"98":{"start":{"line":305,"column":4},"end":{"line":305,"column":17}},"99":{"start":{"line":308,"column":4},"end":{"line":308,"column":82}},"100":{"start":{"line":309,"column":4},"end":{"line":309,"column":16}},"101":{"start":{"line":320,"column":13},"end":{"line":320,"column":30}},"102":{"start":{"line":322,"column":2},"end":{"line":375,"column":3}},"103":{"start":{"line":323,"column":23},"end":{"line":323,"column":70}},"104":{"start":{"line":324,"column":23},"end":{"line":324,"column":45}},"105":{"start":{"line":326,"column":4},"end":{"line":328,"column":5}},"106":{"start":{"line":327,"column":6},"end":{"line":327,"column":43}},"107":{"start":{"line":330,"column":24},"end":{"line":330,"column":41}},"108":{"start":{"line":333,"column":4},"end":{"line":338,"column":7}},"109":{"start":{"line":340,"column":4},"end":{"line":368,"column":5}},"110":{"start":{"line":342,"column":6},"end":{"line":351,"column":7}},"111":{"start":{"line":344,"column":34},"end":{"line":344,"column":64}},"112":{"start":{"line":345,"column":8},"end":{"line":345,"column":68}},"113":{"start":{"line":348,"column":8},"end":{"line":350,"column":11}},"114":{"start":{"line":354,"column":6},"end":{"line":360,"column":9}},"115":{"start":{"line":363,"column":6},"end":{"line":363,"column":52}},"116":{"start":{"line":365,"column":11},"end":{"line":368,"column":5}},"117":{"start":{"line":367,"column":6},"end":{"line":367,"column":63}},"118":{"start":{"line":370,"column":4},"end":{"line":370,"column":29}},"119":{"start":{"line":373,"column":4},"end":{"line":373,"column":90}},"120":{"start":{"line":374,"column":4},"end":{"line":374,"column":16}},"121":{"start":{"line":384,"column":13},"end":{"line":384,"column":30}},"122":{"start":{"line":386,"column":2},"end":{"line":455,"column":3}},"123":{"start":{"line":387,"column":20},"end":{"line":387,"column":66}},"124":{"start":{"line":389,"column":4},"end":{"line":391,"column":5}},"125":{"start":{"line":390,"column":6},"end":{"line":390,"column":40}},"126":{"start":{"line":393,"column":21},"end":{"line":393,"column":35}},"127":{"start":{"line":396,"column":29},"end":{"line":399,"column":12}},"128":{"start":{"line":401,"column":21},"end":{"line":405,"column":7}},"129":{"start":{"line":401,"column":55},"end":{"line":405,"column":5}},"130":{"start":{"line":408,"column":28},"end":{"line":411,"column":12}},"131":{"start":{"line":413,"column":20},"end":{"line":417,"column":7}},"132":{"start":{"line":413,"column":53},"end":{"line":417,"column":5}},"133":{"start":{"line":420,"column":28},"end":{"line":424,"column":12}},"134":{"start":{"line":426,"column":20},"end":{"line":426,"column":40}},"135":{"start":{"line":429,"column":29},"end":{"line":433,"column":12}},"136":{"start":{"line":435,"column":27},"end":{"line":435,"column":48}},"137":{"start":{"line":437,"column":4},"end":{"line":450,"column":6}},"138":{"start":{"line":453,"column":4},"end":{"line":453,"column":87}},"139":{"start":{"line":454,"column":4},"end":{"line":454,"column":16}},"140":{"start":{"line":465,"column":13},"end":{"line":465,"column":30}},"141":{"start":{"line":467,"column":2},"end":{"line":488,"column":3}},"142":{"start":{"line":468,"column":20},"end":{"line":472,"column":5}},"143":{"start":{"line":474,"column":4},"end":{"line":477,"column":5}},"144":{"start":{"line":475,"column":25},"end":{"line":475,"column":82}},"145":{"start":{"line":476,"column":6},"end":{"line":476,"column":48}},"146":{"start":{"line":479,"column":4},"end":{"line":479,"column":61}},"147":{"start":{"line":481,"column":4},"end":{"line":481,"column":78}},"148":{"start":{"line":483,"column":4},"end":{"line":483,"column":29}},"149":{"start":{"line":486,"column":4},"end":{"line":486,"column":83}},"150":{"start":{"line":487,"column":4},"end":{"line":487,"column":16}},"151":{"start":{"line":496,"column":13},"end":{"line":496,"column":30}},"152":{"start":{"line":498,"column":2},"end":{"line":513,"column":3}},"153":{"start":{"line":499,"column":4},"end":{"line":504,"column":7}},"154":{"start":{"line":506,"column":4},"end":{"line":506,"column":58}},"155":{"start":{"line":508,"column":4},"end":{"line":508,"column":29}},"156":{"start":{"line":511,"column":4},"end":{"line":511,"column":85}},"157":{"start":{"line":512,"column":4},"end":{"line":512,"column":16}},"158":{"start":{"line":521,"column":18},"end":{"line":532,"column":3}},"159":{"start":{"line":534,"column":14},"end":{"line":534,"column":15}},"160":{"start":{"line":535,"column":22},"end":{"line":535,"column":23}},"161":{"start":{"line":536,"column":20},"end":{"line":536,"column":21}},"162":{"start":{"line":538,"column":2},"end":{"line":552,"column":5}},"163":{"start":{"line":540,"column":4},"end":{"line":542,"column":5}},"164":{"start":{"line":541,"column":6},"end":{"line":541,"column":13}},"165":{"start":{"line":544,"column":18},"end":{"line":544,"column":50}},"166":{"start":{"line":545,"column":4},"end":{"line":545,"column":19}},"167":{"start":{"line":547,"column":4},"end":{"line":551,"column":5}},"168":{"start":{"line":548,"column":6},"end":{"line":548,"column":29}},"169":{"start":{"line":550,"column":6},"end":{"line":550,"column":27}},"170":{"start":{"line":554,"column":2},"end":{"line":558,"column":4}},"171":{"start":{"line":562,"column":18},"end":{"line":573,"column":3}},"172":{"start":{"line":575,"column":14},"end":{"line":575,"column":15}},"173":{"start":{"line":577,"column":2},"end":{"line":580,"column":5}},"174":{"start":{"line":578,"column":18},"end":{"line":578,"column":50}},"175":{"start":{"line":579,"column":4},"end":{"line":579,"column":19}},"176":{"start":{"line":582,"column":2},"end":{"line":582,"column":38}},"177":{"start":{"line":586,"column":13},"end":{"line":586,"column":30}},"178":{"start":{"line":588,"column":2},"end":{"line":596,"column":3}},"179":{"start":{"line":589,"column":29},"end":{"line":591,"column":12}},"180":{"start":{"line":593,"column":4},"end":{"line":593,"column":33}},"181":{"start":{"line":595,"column":4},"end":{"line":595,"column":13}},"182":{"start":{"line":600,"column":13},"end":{"line":600,"column":30}},"183":{"start":{"line":602,"column":2},"end":{"line":613,"column":3}},"184":{"start":{"line":603,"column":29},"end":{"line":606,"column":12}},"185":{"start":{"line":608,"column":4},"end":{"line":610,"column":5}},"186":{"start":{"line":609,"column":6},"end":{"line":609,"column":58}},"187":{"start":{"line":612,"column":4},"end":{"line":612,"column":88}},"188":{"start":{"line":622,"column":13},"end":{"line":622,"column":30}},"189":{"start":{"line":625,"column":6},"end":{"line":625,"column":13}},"190":{"start":{"line":627,"column":2},"end":{"line":705,"column":3}},"191":{"start":{"line":628,"column":24},"end":{"line":628,"column":75}},"192":{"start":{"line":631,"column":30},"end":{"line":633,"column":12}},"193":{"start":{"line":635,"column":22},"end":{"line":638,"column":7}},"194":{"start":{"line":635,"column":57},"end":{"line":638,"column":5}},"195":{"start":{"line":641,"column":34},"end":{"line":641,"column":73}},"196":{"start":{"line":641,"column":56},"end":{"line":641,"column":72}},"197":{"start":{"line":642,"column":29},"end":{"line":642,"column":80}},"198":{"start":{"line":642,"column":63},"end":{"line":642,"column":79}},"199":{"start":{"line":643,"column":37},"end":{"line":643,"column":87}},"200":{"start":{"line":643,"column":71},"end":{"line":643,"column":86}},"201":{"start":{"line":644,"column":31},"end":{"line":644,"column":81}},"202":{"start":{"line":644,"column":65},"end":{"line":644,"column":80}},"203":{"start":{"line":647,"column":35},"end":{"line":647,"column":69}},"204":{"start":{"line":647,"column":57},"end":{"line":647,"column":68}},"205":{"start":{"line":648,"column":34},"end":{"line":648,"column":67}},"206":{"start":{"line":648,"column":56},"end":{"line":648,"column":66}},"207":{"start":{"line":651,"column":30},"end":{"line":651,"column":70}},"208":{"start":{"line":651,"column":52},"end":{"line":651,"column":69}},"209":{"start":{"line":652,"column":29},"end":{"line":652,"column":69}},"210":{"start":{"line":652,"column":51},"end":{"line":652,"column":68}},"211":{"start":{"line":655,"column":32},"end":{"line":655,"column":71}},"212":{"start":{"line":656,"column":28},"end":{"line":656,"column":75}},"213":{"start":{"line":659,"column":22},"end":{"line":661,"column":9}},"214":{"start":{"line":663,"column":23},"end":{"line":665,"column":9}},"215":{"start":{"line":667,"column":22},"end":{"line":669,"column":9}},"216":{"start":{"line":671,"column":4},"end":{"line":700,"column":6}},"217":{"start":{"line":696,"column":53},"end":{"line":696,"column":78}},"218":{"start":{"line":703,"column":4},"end":{"line":703,"column":89}},"219":{"start":{"line":704,"column":4},"end":{"line":704,"column":16}},"220":{"start":{"line":713,"column":13},"end":{"line":713,"column":30}},"221":{"start":{"line":715,"column":2},"end":{"line":816,"column":3}},"222":{"start":{"line":716,"column":26},"end":{"line":716,"column":73}},"223":{"start":{"line":719,"column":30},"end":{"line":723,"column":12}},"224":{"start":{"line":725,"column":22},"end":{"line":729,"column":7}},"225":{"start":{"line":725,"column":57},"end":{"line":729,"column":5}},"226":{"start":{"line":732,"column":40},"end":{"line":736,"column":12}},"227":{"start":{"line":738,"column":32},"end":{"line":755,"column":7}},"228":{"start":{"line":739,"column":19},"end":{"line":739,"column":29}},"229":{"start":{"line":742,"column":22},"end":{"line":742,"column":73}},"230":{"start":{"line":743,"column":23},"end":{"line":743,"column":59}},"231":{"start":{"line":745,"column":6},"end":{"line":754,"column":8}},"232":{"start":{"line":758,"column":34},"end":{"line":760,"column":12}},"233":{"start":{"line":762,"column":26},"end":{"line":766,"column":7}},"234":{"start":{"line":762,"column":65},"end":{"line":766,"column":5}},"235":{"start":{"line":769,"column":29},"end":{"line":769,"column":31}},"236":{"start":{"line":770,"column":4},"end":{"line":772,"column":7}},"237":{"start":{"line":771,"column":6},"end":{"line":771,"column":83}},"238":{"start":{"line":774,"column":26},"end":{"line":776,"column":65}},"239":{"start":{"line":775,"column":30},"end":{"line":775,"column":39}},"240":{"start":{"line":776,"column":33},"end":{"line":776,"column":63}},"241":{"start":{"line":779,"column":32},"end":{"line":783,"column":12}},"242":{"start":{"line":785,"column":24},"end":{"line":789,"column":7}},"243":{"start":{"line":785,"column":61},"end":{"line":789,"column":5}},"244":{"start":{"line":792,"column":32},"end":{"line":792,"column":34}},"245":{"start":{"line":793,"column":4},"end":{"line":796,"column":7}},"246":{"start":{"line":794,"column":19},"end":{"line":794,"column":45}},"247":{"start":{"line":795,"column":6},"end":{"line":795,"column":71}},"248":{"start":{"line":798,"column":4},"end":{"line":811,"column":6}},"249":{"start":{"line":814,"column":4},"end":{"line":814,"column":82}},"250":{"start":{"line":815,"column":4},"end":{"line":815,"column":16}},"251":{"start":{"line":825,"column":13},"end":{"line":825,"column":30}},"252":{"start":{"line":829,"column":6},"end":{"line":829,"column":13}},"253":{"start":{"line":831,"column":2},"end":{"line":876,"column":3}},"254":{"start":{"line":832,"column":24},"end":{"line":832,"column":75}},"255":{"start":{"line":834,"column":28},"end":{"line":839,"column":12}},"256":{"start":{"line":841,"column":20},"end":{"line":869,"column":7}},"257":{"start":{"line":842,"column":19},"end":{"line":842,"column":29}},"258":{"start":{"line":845,"column":22},"end":{"line":845,"column":73}},"259":{"start":{"line":846,"column":23},"end":{"line":846,"column":59}},"260":{"start":{"line":849,"column":34},"end":{"line":852,"column":14}},"261":{"start":{"line":854,"column":30},"end":{"line":854,"column":54}},"262":{"start":{"line":856,"column":6},"end":{"line":868,"column":8}},"263":{"start":{"line":871,"column":4},"end":{"line":871,"column":19}},"264":{"start":{"line":874,"column":4},"end":{"line":874,"column":82}},"265":{"start":{"line":875,"column":4},"end":{"line":875,"column":16}},"266":{"start":{"line":886,"column":13},"end":{"line":886,"column":30}},"267":{"start":{"line":888,"column":2},"end":{"line":926,"column":3}},"268":{"start":{"line":889,"column":27},"end":{"line":889,"column":83}},"269":{"start":{"line":890,"column":27},"end":{"line":890,"column":53}},"270":{"start":{"line":892,"column":4},"end":{"line":894,"column":5}},"271":{"start":{"line":893,"column":6},"end":{"line":893,"column":55}},"272":{"start":{"line":896,"column":4},"end":{"line":901,"column":7}},"273":{"start":{"line":903,"column":4},"end":{"line":919,"column":5}},"274":{"start":{"line":904,"column":19},"end":{"line":904,"column":40}},"275":{"start":{"line":907,"column":6},"end":{"line":913,"column":9}},"276":{"start":{"line":915,"column":6},"end":{"line":918,"column":9}},"277":{"start":{"line":921,"column":4},"end":{"line":921,"column":29}},"278":{"start":{"line":924,"column":4},"end":{"line":924,"column":104}},"279":{"start":{"line":925,"column":4},"end":{"line":925,"column":16}},"280":{"start":{"line":942,"column":13},"end":{"line":942,"column":30}},"281":{"start":{"line":943,"column":18},"end":{"line":947,"column":3}},"282":{"start":{"line":949,"column":2},"end":{"line":1041,"column":3}},"283":{"start":{"line":951,"column":4},"end":{"line":954,"column":7}},"284":{"start":{"line":956,"column":4},"end":{"line":1024,"column":5}},"285":{"start":{"line":957,"column":6},"end":{"line":1023,"column":7}},"286":{"start":{"line":958,"column":8},"end":{"line":1015,"column":9}},"287":{"start":{"line":960,"column":12},"end":{"line":967,"column":15}},"288":{"start":{"line":968,"column":12},"end":{"line":968,"column":41}},"289":{"start":{"line":969,"column":12},"end":{"line":969,"column":18}},"290":{"start":{"line":972,"column":12},"end":{"line":975,"column":15}},"291":{"start":{"line":976,"column":12},"end":{"line":976,"column":41}},"292":{"start":{"line":977,"column":12},"end":{"line":977,"column":18}},"293":{"start":{"line":980,"column":31},"end":{"line":982,"column":20}},"294":{"start":{"line":984,"column":12},"end":{"line":990,"column":15}},"295":{"start":{"line":991,"column":12},"end":{"line":991,"column":41}},"296":{"start":{"line":992,"column":12},"end":{"line":992,"column":18}},"297":{"start":{"line":995,"column":12},"end":{"line":999,"column":15}},"298":{"start":{"line":1000,"column":12},"end":{"line":1000,"column":41}},"299":{"start":{"line":1001,"column":12},"end":{"line":1001,"column":18}},"300":{"start":{"line":1004,"column":12},"end":{"line":1009,"column":15}},"301":{"start":{"line":1010,"column":12},"end":{"line":1010,"column":41}},"302":{"start":{"line":1011,"column":12},"end":{"line":1011,"column":18}},"303":{"start":{"line":1014,"column":12},"end":{"line":1014,"column":63}},"304":{"start":{"line":1018,"column":8},"end":{"line":1018,"column":70}},"305":{"start":{"line":1021,"column":8},"end":{"line":1021,"column":101}},"306":{"start":{"line":1022,"column":8},"end":{"line":1022,"column":62}},"307":{"start":{"line":1027,"column":4},"end":{"line":1027,"column":35}},"308":{"start":{"line":1028,"column":4},"end":{"line":1028,"column":37}},"309":{"start":{"line":1030,"column":4},"end":{"line":1034,"column":7}},"310":{"start":{"line":1036,"column":4},"end":{"line":1036,"column":19}},"311":{"start":{"line":1039,"column":4},"end":{"line":1039,"column":88}},"312":{"start":{"line":1040,"column":4},"end":{"line":1040,"column":16}},"313":{"start":{"line":1055,"column":13},"end":{"line":1055,"column":30}},"314":{"start":{"line":1056,"column":26},"end":{"line":1056,"column":33}},"315":{"start":{"line":1058,"column":2},"end":{"line":1292,"column":3}},"316":{"start":{"line":1059,"column":21},"end":{"line":1059,"column":23}},"317":{"start":{"line":1062,"column":20},"end":{"line":1062,"column":66}},"318":{"start":{"line":1063,"column":4},"end":{"line":1065,"column":5}},"319":{"start":{"line":1064,"column":6},"end":{"line":1064,"column":40}},"320":{"start":{"line":1067,"column":21},"end":{"line":1067,"column":35}},"321":{"start":{"line":1070,"column":4},"end":{"line":1079,"column":5}},"322":{"start":{"line":1071,"column":6},"end":{"line":1078,"column":9}},"323":{"start":{"line":1082,"column":28},"end":{"line":1086,"column":12}},"324":{"start":{"line":1088,"column":4},"end":{"line":1099,"column":7}},"325":{"start":{"line":1089,"column":20},"end":{"line":1089,"column":30}},"326":{"start":{"line":1090,"column":6},"end":{"line":1098,"column":9}},"327":{"start":{"line":1102,"column":29},"end":{"line":1106,"column":12}},"328":{"start":{"line":1108,"column":4},"end":{"line":1119,"column":7}},"329":{"start":{"line":1109,"column":22},"end":{"line":1109,"column":32}},"330":{"start":{"line":1110,"column":6},"end":{"line":1118,"column":9}},"331":{"start":{"line":1122,"column":30},"end":{"line":1125,"column":12}},"332":{"start":{"line":1127,"column":4},"end":{"line":1140,"column":7}},"333":{"start":{"line":1128,"column":23},"end":{"line":1128,"column":33}},"334":{"start":{"line":1129,"column":6},"end":{"line":1139,"column":9}},"335":{"start":{"line":1143,"column":29},"end":{"line":1146,"column":12}},"336":{"start":{"line":1148,"column":4},"end":{"line":1159,"column":7}},"337":{"start":{"line":1149,"column":22},"end":{"line":1149,"column":32}},"338":{"start":{"line":1150,"column":6},"end":{"line":1158,"column":9}},"339":{"start":{"line":1162,"column":32},"end":{"line":1165,"column":12}},"340":{"start":{"line":1167,"column":4},"end":{"line":1178,"column":7}},"341":{"start":{"line":1168,"column":21},"end":{"line":1168,"column":31}},"342":{"start":{"line":1169,"column":6},"end":{"line":1177,"column":9}},"343":{"start":{"line":1181,"column":35},"end":{"line":1184,"column":12}},"344":{"start":{"line":1186,"column":4},"end":{"line":1197,"column":7}},"345":{"start":{"line":1187,"column":21},"end":{"line":1187,"column":31}},"346":{"start":{"line":1188,"column":6},"end":{"line":1196,"column":9}},"347":{"start":{"line":1200,"column":35},"end":{"line":1203,"column":12}},"348":{"start":{"line":1205,"column":4},"end":{"line":1219,"column":7}},"349":{"start":{"line":1206,"column":22},"end":{"line":1206,"column":32}},"350":{"start":{"line":1207,"column":6},"end":{"line":1218,"column":9}},"351":{"start":{"line":1222,"column":30},"end":{"line":1225,"column":12}},"352":{"start":{"line":1227,"column":4},"end":{"line":1239,"column":7}},"353":{"start":{"line":1228,"column":20},"end":{"line":1228,"column":30}},"354":{"start":{"line":1229,"column":6},"end":{"line":1238,"column":9}},"355":{"start":{"line":1242,"column":33},"end":{"line":1245,"column":12}},"356":{"start":{"line":1247,"column":4},"end":{"line":1259,"column":7}},"357":{"start":{"line":1248,"column":21},"end":{"line":1248,"column":31}},"358":{"start":{"line":1249,"column":6},"end":{"line":1258,"column":9}},"359":{"start":{"line":1262,"column":4},"end":{"line":1266,"column":7}},"360":{"start":{"line":1263,"column":20},"end":{"line":1263,"column":59}},"361":{"start":{"line":1264,"column":20},"end":{"line":1264,"column":59}},"362":{"start":{"line":1265,"column":6},"end":{"line":1265,"column":27}},"363":{"start":{"line":1269,"column":4},"end":{"line":1273,"column":7}},"364":{"start":{"line":1270,"column":6},"end":{"line":1272,"column":7}},"365":{"start":{"line":1271,"column":8},"end":{"line":1271,"column":56}},"366":{"start":{"line":1275,"column":4},"end":{"line":1287,"column":6}},"367":{"start":{"line":1290,"column":4},"end":{"line":1290,"column":88}},"368":{"start":{"line":1291,"column":4},"end":{"line":1291,"column":16}},"369":{"start":{"line":1305,"column":13},"end":{"line":1305,"column":30}},"370":{"start":{"line":1306,"column":26},"end":{"line":1306,"column":33}},"371":{"start":{"line":1308,"column":2},"end":{"line":1468,"column":3}},"372":{"start":{"line":1309,"column":24},"end":{"line":1309,"column":75}},"373":{"start":{"line":1312,"column":30},"end":{"line":1314,"column":12}},"374":{"start":{"line":1316,"column":22},"end":{"line":1319,"column":7}},"375":{"start":{"line":1316,"column":57},"end":{"line":1319,"column":5}},"376":{"start":{"line":1321,"column":21},"end":{"line":1328,"column":5}},"377":{"start":{"line":1331,"column":24},"end":{"line":1331,"column":26}},"378":{"start":{"line":1332,"column":4},"end":{"line":1336,"column":7}},"379":{"start":{"line":1333,"column":6},"end":{"line":1335,"column":7}},"380":{"start":{"line":1334,"column":8},"end":{"line":1334,"column":65}},"381":{"start":{"line":1338,"column":4},"end":{"line":1346,"column":7}},"382":{"start":{"line":1339,"column":6},"end":{"line":1345,"column":7}},"383":{"start":{"line":1340,"column":8},"end":{"line":1344,"column":11}},"384":{"start":{"line":1349,"column":30},"end":{"line":1349,"column":32}},"385":{"start":{"line":1350,"column":4},"end":{"line":1355,"column":7}},"386":{"start":{"line":1351,"column":6},"end":{"line":1353,"column":7}},"387":{"start":{"line":1352,"column":8},"end":{"line":1352,"column":41}},"388":{"start":{"line":1354,"column":6},"end":{"line":1354,"column":65}},"389":{"start":{"line":1357,"column":4},"end":{"line":1371,"column":7}},"390":{"start":{"line":1358,"column":6},"end":{
[...]
},"end":{"line":544,"column":11}},"168":{"start":{"line":545,"column":8},"end":{"line":545,"column":15}},"169":{"start":{"line":548,"column":26},"end":{"line":548,"column":47}},"170":{"start":{"line":549,"column":6},"end":{"line":549,"column":72}},"171":{"start":{"line":551,"column":26},"end":{"line":551,"column":47}},"172":{"start":{"line":552,"column":6},"end":{"line":552,"column":72}},"173":{"start":{"line":556,"column":4},"end":{"line":558,"column":7}},"174":{"start":{"line":567,"column":13},"end":{"line":567,"column":30}},"175":{"start":{"line":568,"column":25},"end":{"line":568,"column":52}},"176":{"start":{"line":570,"column":23},"end":{"line":570,"column":41}},"177":{"start":{"line":571,"column":17},"end":{"line":571,"column":36}},"178":{"start":{"line":572,"column":20},"end":{"line":572,"column":42}},"179":{"start":{"line":575,"column":2},"end":{"line":579,"column":5}},"180":{"start":{"line":582,"column":2},"end":{"line":587,"column":5}},"181":{"start":{"line":589,"column":2},"end":{"line":592,"column":5}},"182":{"start":{"line":595,"column":2},"end":{"line":595,"column":71}},"183":{"start":{"line":598,"column":22},"end":{"line":598,"column":50}},"184":{"start":{"line":600,"column":2},"end":{"line":626,"column":3}},"185":{"start":{"line":601,"column":4},"end":{"line":604,"column":7}},"186":{"start":{"line":607,"column":4},"end":{"line":611,"column":7}},"187":{"start":{"line":614,"column":4},"end":{"line":625,"column":5}},"188":{"start":{"line":615,"column":6},"end":{"line":619,"column":9}},"189":{"start":{"line":621,"column":6},"end":{"line":624,"column":9}},"190":{"start":{"line":629,"column":2},"end":{"line":629,"column":50}},"191":{"start":{"line":636,"column":26},"end":{"line":636,"column":65}},"192":{"start":{"line":637,"column":2},"end":{"line":642,"column":3}},"193":{"start":{"line":638,"column":4},"end":{"line":641,"column":7}},"194":{"start":{"line":646,"column":26},"end":{"line":646,"column":65}},"195":{"start":{"line":647,"column":2},"end":{"line":651,"column":3}},"196":{"start":{"line":648,"column":4},"end":{"line":650,"column":7}},"197":{"start":{"line":655,"column":13},"end":{"line":655,"column":30}},"198":{"start":{"line":656,"column":26},"end":{"line":656,"column":65}},"199":{"start":{"line":658,"column":2},"end":{"line":672,"column":3}},"200":{"start":{"line":659,"column":19},"end":{"line":659,"column":80}},"201":{"start":{"line":661,"column":4},"end":{"line":671,"column":5}},"202":{"start":{"line":663,"column":6},"end":{"line":670,"column":9}},"203":{"start":{"line":676,"column":26},"end":{"line":676,"column":65}},"204":{"start":{"line":677,"column":2},"end":{"line":681,"column":3}},"205":{"start":{"line":678,"column":4},"end":{"line":680,"column":7}},"206":{"start":{"line":685,"column":26},"end":{"line":685,"column":65}},"207":{"start":{"line":686,"column":2},"end":{"line":690,"column":3}},"208":{"start":{"line":687,"column":4},"end":{"line":689,"column":7}},"209":{"start":{"line":694,"column":13},"end":{"line":694,"column":30}},"210":{"start":{"line":695,"column":26},"end":{"line":695,"column":65}},"211":{"start":{"line":697,"column":2},"end":{"line":707,"column":3}},"212":{"start":{"line":698,"column":19},"end":{"line":698,"column":80}},"213":{"start":{"line":700,"column":4},"end":{"line":706,"column":5}},"214":{"start":{"line":701,"column":6},"end":{"line":705,"column":9}},"215":{"start":{"line":718,"column":13},"end":{"line":718,"column":30}},"216":{"start":{"line":720,"column":24},"end":{"line":723,"column":10}},"217":{"start":{"line":725,"column":2},"end":{"line":727,"column":3}},"218":{"start":{"line":726,"column":4},"end":{"line":726,"column":47}},"219":{"start":{"line":728,"column":2},"end":{"line":728,"column":14}},"220":{"start":{"line":735,"column":13},"end":{"line":735,"column":30}},"221":{"start":{"line":737,"column":2},"end":{"line":743,"column":5}},"222":{"start":{"line":750,"column":13},"end":{"line":750,"column":30}},"223":{"start":{"line":752,"column":18},"end":{"line":755,"column":10}},"224":{"start":{"line":757,"column":2},"end":{"line":757,"column":22}},"225":{"start":{"line":764,"column":13},"end":{"line":764,"column":30}},"226":{"start":{"line":766,"column":2},"end":{"line":780,"column":3}},"227":{"start":{"line":767,"column":4},"end":{"line":775,"column":7}},"228":{"start":{"line":777,"column":4},"end":{"line":779,"column":7}},"229":{"start":{"line":787,"column":13},"end":{"line":787,"column":30}},"230":{"start":{"line":789,"column":2},"end":{"line":799,"column":3}},"231":{"start":{"line":790,"column":4},"end":{"line":794,"column":7}},"232":{"start":{"line":796,"column":4},"end":{"line":798,"column":7}},"233":{"start":{"line":802,"column":0},"end":{"line":805,"column":2}}},"fnMap":{"0":{"name":"verifyWebhookSignature","decl":{"start":{"line":38,"column":15},"end":{"line":38,"column":37}},"loc":{"start":{"line":38,"column":47},"end":{"line":136,"column":1}},"line":38},"1":{"name":"(anonymous_1)","decl":{"start":{"line":76,"column":19},"end":{"line":76,"column":20}},"loc":{"start":{"line":76,"column":41},"end":{"line":88,"column":5}},"line":76},"2":{"name":"(anonymous_2)","decl":{"start":{"line":77,"column":51},"end":{"line":77,"column":52}},"loc":{"start":{"line":77,"column":65},"end":{"line":87,"column":7}},"line":77},"3":{"name":"(anonymous_3)","decl":{"start":{"line":91,"column":46},"end":{"line":91,"column":47}},"loc":{"start":{"line":91,"column":67},"end":{"line":105,"column":5}},"line":91},"4":{"name":"(anonymous_4)","decl":{"start":{"line":95,"column":9},"end":{"line":95,"column":10}},"loc":{"start":{"line":95,"column":27},"end":{"line":104,"column":7}},"line":95},"5":{"name":"handleWebhookNotification","decl":{"start":{"line":145,"column":15},"end":{"line":145,"column":40}},"loc":{"start":{"line":145,"column":58},"end":{"line":231,"column":1}},"line":145},"6":{"name":"handleSubscriptionStart","decl":{"start":{"line":236,"column":15},"end":{"line":236,"column":38}},"loc":{"start":{"line":236,"column":45},"end":{"line":273,"column":1}},"line":236},"7":{"name":"handleSubscriptionRenewal","decl":{"start":{"line":278,"column":15},"end":{"line":278,"column":40}},"loc":{"start":{"line":278,"column":47},"end":{"line":310,"column":1}},"line":278},"8":{"name":"handleSubscriptionFailure","decl":{"start":{"line":315,"column":15},"end":{"line":315,"column":40}},"loc":{"start":{"line":315,"column":47},"end":{"line":356,"column":1}},"line":315},"9":{"name":"handleRenewalStatusChange","decl":{"start":{"line":361,"column":15},"end":{"line":361,"column":40}},"loc":{"start":{"line":361,"column":56},"end":{"line":406,"column":1}},"line":361},"10":{"name":"handleSubscriptionExpired","decl":{"start":{"line":411,"column":15},"end":{"line":411,"column":40}},"loc":{"start":{"line":411,"column":47},"end":{"line":453,"column":1}},"line":411},"11":{"name":"handleGracePeriodExpired","decl":{"start":{"line":458,"column":15},"end":{"line":458,"column":39}},"loc":{"start":{"line":458,"column":46},"end":{"line":491,"column":1}},"line":458},"12":{"name":"handleRefundEnhanced","decl":{"start":{"line":497,"column":15},"end":{"line":497,"column":35}},"loc":{"start":{"line":497,"column":60},"end":{"line":560,"column":1}},"line":497},"13":{"name":"processRefund","decl":{"start":{"line":566,"column":15},"end":{"line":566,"column":28}},"loc":{"start":{"line":566,"column":75},"end":{"line":630,"column":1}},"line":566},"14":{"name":"handleConsumptionRequest","decl":{"start":{"line":635,"column":15},"end":{"line":635,"column":39}},"loc":{"start":{"line":635,"column":46},"end":{"line":643,"column":1}},"line":635},"15":{"name":"handleRenewalExtended","decl":{"start":{"line":645,"column":15},"end":{"line":645,"column":36}},"loc":{"start":{"line":645,"column":43},"end":{"line":652,"column":1}},"line":645},"16":{"name":"handlePriceIncrease","decl":{"start":{"line":654,"column":15},"end":{"line":654,"column":34}},"loc":{"start":{"line":654,"column":41},"end":{"line":673,"column":1}},"line":654},"17":{"name":"handleRefundDeclined","decl":{"start":{"line":675,"column":15},"end":{"line":675,"column":35}},"loc":{"start":{"line":675,"column":42},"end":{"line":682,"column":1}},"line":675},"18":{"name":"handleRenewalExtension","decl":{"start":{"line":684,"column":15},"end":{"line":684,"column":37}},"loc":{"start":{"line":684,"column":44},"end":{"line":691,"column":1}},"line":684},"19":{"name":"handleOfferRedeemed","decl":{"start":{"line":693,"column":15},"end":{"line":693,"column":34}},"loc":{"start":{"line":693,"column":41},"end":{"line":708,"column":1}},"line":693},"20":{"name":"getUserIdFromTransaction","decl":{"start":{"line":717,"column":15},"end":{"line":717,"column":39}},"loc":{"start":{"line":717,"column":55},"end":{"line":729,"column":1}},"line":717},"21":{"name":"trackRefundForFraudDetection","decl":{"start":{"line":734,"column":15},"end":{"line":734,"column":43}},"loc":{"start":{"line":734,"column":78},"end":{"line":744,"column":1}},"line":734},"22":{"name":"getRefundCount","decl":{"start":{"line":749,"column":15},"end":{"line":749,"column":29}},"loc":{"start":{"line":749,"column":38},"end":{"line":758,"column":1}},"line":749},"23":{"name":"sendRefundNotification","decl":{"start":{"line":763,"column":15},"end":{"line":763,"column":37}},"loc":{"start":{"line":763,"column":57},"end":{"line":781,"column":1}},"line":763},"24":{"name":"logSecurityEvent","decl":{"start":{"line":786,"column":15},"end":{"line":786,"column":31}},"loc":{"start":{"line":786,"column":52},"end":{"line":800,"column":1}},"line":786}},"branchMap":{"0":{"loc":{"start":{"line":43,"column":4},"end":{"line":55,"column":5}},"type":"if","locations":[{"start":{"line":43,"column":4},"end":{"line":55,"column":5}},{"start":{},"end":{}}],"line":43},"1":{"loc":{"start":{"line":60,"column":4},"end":{"line":71,"column":5}},"type":"if","locations":[{"start":{"line":60,"column":4},"end":{"line":71,"column":5}},{"start":{},"end":{}}],"line":60},"2":{"loc":{"start":{"line":60,"column":8},"end":{"line":60,"column":76}},"type":"binary-expr","locations":[{"start":{"line":60,"column":8},"end":{"line":60,"column":22}},{"start":{"line":60,"column":26},"end":{"line":60,"column":47}},{"start":{"line":60,"column":51},"end":{"line":60,"column":76}}],"line":60},"3":{"loc":{"start":{"line":78,"column":8},"end":{"line":84,"column":9}},"type":"if","locations":[{"start":{"line":78,"column":8},"end":{"line":84,"column":9}},{"start":{},"end":{}}],"line":78},"4":{"loc":{"start":{"line":85,"column":27},"end":{"line":85,"column":60}},"type":"binary-expr","locations":[{"start":{"line":85,"column":27},"end":{"line":85,"column":40}},{"start":{"line":85,"column":44},"end":{"line":85,"column":60}}],"line":85},"5":{"loc":{"start":{"line":96,"column":8},"end":{"line":102,"column":9}},"type":"if","locations":[{"start":{"line":96,"column":8},"end":{"line":102,"column":9}},{"start":{},"end":{}}],"line":96},"6":{"loc":{"start":{"line":157,"column":4},"end":{"line":221,"column":5}},"type":"switch","locations":[{"start":{"line":158,"column":6},"end":{"line":160,"column":14}},{"start":{"line":162,"column":6},"end":{"line":164,"column":14}},{"start":{"line":166,"column":6},"end":{"line":168,"column":14}},{"start":{"line":170,"column":6},"end":{"line":172,"column":14}},{"start":{"line":174,"column":6},"end":{"line":176,"column":14}},{"start":{"line":178,"column":6},"end":{"line":180,"column":14}},{"start":{"line":182,"column":6},"end":{"line":182,"column":20}},{"start":{"line":183,"column":6},"end":{"line":186,"column":14}},{"start":{"line":188,"column":6},"end":{"line":190,"column":14}},{"start":{"line":192,"column":6},"end":{"line":194,"column":14}},{"start":{"line":196,"column":6},"end":{"line":198,"column":14}},{"start":{"line":200,"column":6},"end":{"line":202,"column":14}},{"start":{"line":204,"column":6},"end":{"line":206,"column":14}},{"start":{"line":208,"column":6},"end":{"line":210,"column":14}},{"start":{"line":212,"column":6},"end":{"line":214,"column":14}},{"start":{"line":216,"column":6},"end":{"line":220,"column":11}}],"line":157},"7":{"loc":{"start":{"line":242,"column":4},"end":{"line":245,"column":5}},"type":"if","locations":[{"start":{"line":242,"column":4},"end":{"line":245,"column":5}},{"start":{},"end":{}}],"line":242},"8":{"loc":{"start":{"line":251,"column":4},"end":{"line":267,"column":5}},"type":"if","locations":[{"start":{"line":251,"column":4},"end":{"line":267,"column":5}},{"start":{},"end":{}}],"line":251},"9":{"loc":{"start":{"line":284,"column":4},"end":{"line":286,"column":5}},"type":"if","locations":[{"start":{"line":284,"column":4},"end":{"line":286,"column":5}},{"start":{},"end":{}}],"line":284},"10":{"loc":{"start":{"line":292,"column":4},"end":{"line":304,"column":5}},"type":"if","locations":[{"start":{"line":292,"column":4},"end":{"line":304,"column":5}},{"start":{},"end":{}}],"line":292},"11":{"loc":{"start":{"line":321,"column":4},"end":{"line":323,"column":5}},"type":"if","locations":[{"start":{"line":321,"column":4},"end":{"line":323,"column":5}},{"start":{},"end":{}}],"line":321},"12":{"loc":{"start":{"line":328,"column":4},"end":{"line":350,"column":5}},"type":"if","locations":[{"start":{"line":328,"column":4},"end":{"line":350,"column":5}},{"start":{},"end":{}}],"line":328},"13":{"loc":{"start":{"line":367,"column":4},"end":{"line":369,"column":5}},"type":"if","locations":[{"start":{"line":367,"column":4},"end":{"line":369,"column":5}},{"start":{},"end":{}}],"line":367},"14":{"loc":{"start":{"line":374,"column":4},"end":{"line":400,"column":5}},"type":"if","locations":[{"start":{"line":374,"column":4},"end":{"line":400,"column":5}},{"start":{},"end":{}}],"line":374},"15":{"loc":{"start":{"line":390,"column":6},"end":{"line":399,"column":7}},"type":"if","locations":[{"start":{"line":390,"column":6},"end":{"line":399,"column":7}},{"start":{},"end":{}}],"line":390},"16":{"loc":{"start":{"line":417,"column":4},"end":{"line":419,"column":5}},"type":"if","locations":[{"start":{"line":417,"column":4},"end":{"line":419,"column":5}},{"start":{},"end":{}}],"line":417},"17":{"loc":{"start":{"line":424,"column":4},"end":{"line":447,"column":5}},"type":"if","locations":[{"start":{"line":424,"column":4},"end":{"line":447,"column":5}},{"start":{},"end":{}}],"line":424},"18":{"loc":{"start":{"line":464,"column":4},"end":{"line":466,"column":5}},"type":"if","locations":[{"start":{"line":464,"column":4},"end":{"line":466,"column":5}},{"start":{},"end":{}}],"line":464},"19":{"loc":{"start":{"line":471,"column":4},"end":{"line":485,"column":5}},"type":"if","locations":[{"start":{"line":471,"column":4},"end":{"line":485,"column":5}},{"start":{},"end":{}}],"line":471},"20":{"loc":{"start":{"line":505,"column":4},"end":{"line":508,"column":5}},"type":"if","locations":[{"start":{"line":505,"column":4},"end":{"line":508,"column":5}},{"start":{},"end":{}}],"line":505},"21":{"loc":{"start":{"line":517,"column":4},"end":{"line":520,"column":5}},"type":"if","locations":[{"start":{"line":517,"column":4},"end":{"line":520,"column":5}},{"start":{},"end":{}}],"line":517},"22":{"loc":{"start":{"line":534,"column":4},"end":{"line":553,"column":5}},"type":"if","locations":[{"start":{"line":534,"column":4},"end":{"line":553,"column":5}},{"start":{"line":550,"column":11},"end":{"line":553,"column":5}}],"line":534},"23":{"loc":{"start":{"line":540,"column":6},"end":{"line":546,"column":7}},"type":"if","locations":[{"start":{"line":540,"column":6},"end":{"line":546,"column":7}},{"start":{},"end":{}}],"line":540},"24":{"loc":{"start":{"line":600,"column":2},"end":{"line":626,"column":3}},"type":"if","locations":[{"start":{"line":600,"column":2},"end":{"line":626,"column":3}},{"start":{},"end":{}}],"line":600},"25":{"loc":{"start":{"line":614,"column":4},"end":{"line":625,"column":5}},"type":"if","locations":[{"start":{"line":614,"column":4},"end":{"line":625,"column":5}},{"start":{},"end":{}}],"line":614},"26":{"loc":{"start":{"line":637,"column":2},"end":{"line":642,"column":3}},"type":"if","locations":[{"start":{"line":637,"column":2},"end":{"line":642,"column":3}},{"start":{},"end":{}}],"line":637},"27":{"loc":{"start":{"line":647,"column":2},"end":{"line":651,"column":3}},"type":"if","locations":[{"start":{"line":647,"column":2},"end":{"line":651,"column":3}},{"start":{},"end":{}}],"line":647},"28":{"loc":{"start":{"line":658,"column":2},"end":{"line":672,"column":3}},"type":"if","locations":[{"start":{"line":658,"column":2},"end":{"line":672,"column":3}},{"start":{},"end":{}}],"line":658},"29":{"loc":{"start":{"line":661,"column":4},"end":{"line":671,"column":5}},"type":"if","locations":[{"start":{"line":661,"column":4},"end":{"line":671,"column":5}},{"start":{},"end":{}}],"line":661},"30":{"loc":{"start":{"line":677,"column":2},"end":{"line":681,"column":3}},"type":"if","locations":[{"start":{"line":677,"column":2},"end":{"line":681,"column":3}},{"start":{},"end":{}}],"line":677},"31":{"loc":{"start":{"line":686,"column":2},"end":{"line":690,"column":3}},"type":"if","locations":[{"start":{"line":686,"column":2},"end":{"line":690,"column":3}},{"start":{},"end":{}}],"line":686},"32":{"loc":{"start":{"line":697,"column":2},"end":{"line":707,"column":3}},"type":"if","locations":[{"start":{"line":697,"column":2},"end":{"line":707,"column":3}},{"start":{},"end":{}}],"line":697},"33":{"loc":{"start":{"line":700,"column":4},"end":{"line":706,"column":5}},"type":"if","locations":[{"start":{"line":700,"column":4},"end":{"line":706,"column":5}},{"start":{},"end":{}}],"line":700},"34":{"loc":{"start":{"line":725,"column":2},"end":{"line":727,"column":3}},"type":"if","locations":[{"start":{"line":725,"column":2},"end":{"line":727,"column":3}},{"start":{},"end":{}}],"line":725}},"s":{"0":0,"1":0,"2":0,"3":0,"4":0,"5":0,"6":0,"7":0,"8":0,"9":0,"10":0,"11":0,"12":0,"13":0,"14":0,"15":0,"16":0,"17":0,"18":0,"19":0,"20":0,"21":0,"22":0,"23":0,"24":0,"25":0,"26":0,"27":0,"28":0,"29":0,"30":0,"31":0,"32":0,"33":0,"34":0,"35":0,"36":0,"37":0,"38":0,"39":0,"40":0,"41":0,"42":0,"43":0,"44":0,"45":0,"46":0,"47":0,"48":0,"49":0,"50":0,"51":0,"52":0,"53":0,"54":0,"55":0,"56":0,"57":0,"58":0,"59":0,"60":0,"61":0,"62":0,"63":0,"64":0,"65":0,"66":0,"67":0,"68":0,"69":0,"70":0,"71":0,"72":0,"73":0,"74":0,"75":0,"76":0,"77":0,"78":0,"79":0,"80":0,"81":0,"82":0,"83":0,"84":0,"85":0,"86":0,"87":0,"88":0,"89":0,"90":0,"91":0,"92":0,"93":0,"94":0,"95":0,"96":0,"97":0,"98":0,"99":0,"100":0,"101":0,"102":0,"103":0,"104":0,"105":0,"106":0,"107":0,"108":0,"109":0,"110":0,"111":0,"112":0,"113":0,"114":0,"115":0,"116":0,"117":0,"118":0,"119":0,"120":0,"121":0,"122":0,"123":0,"124":0,"125":0,"126":0,"127":0,"128":0,"129":0,"130":0,"131":0,"132":0,"133":0,"134":0,"135":0,"136":0,"137":0,"138":0,"139":0,"140":0,"141":0,"142":0,"143":0,"144":0,"145":0,"146":0,"147":0,"148":0,"149":0,"150":0,"151":0,"152":0,"153":0,"154":0,"155":0,"156":0,"157":0,"158":0,"159":0,"160":0,"161":0,"162":0,"163":0,"164":0,"165":0,"166":0,"167":0,"168":0,"169":0,"170":0,"171":0,"172":0,"173":0,"174":0,"175":0,"176":0,"177":0,"178":0,"179":0,"180":0,"181":0,"182":0,"183":0,"184":0,"185":0,"186":0,"187":0,"188":0,"189":0,"190":0,"191":0,"192":0,"193":0,"194":0,"195":0,"196":0,"197":0,"198":0,"199":0,"200":0,"201":0,"202":0,"203":0,"204":0,"205":0,"206":0,"207":0,"208":0,"209":0,"210":0,"211":0,"212":0,"213":0,"214":0,"215":0,"216":0,"217":0,"218":0,"219":0,"220":0,"221":0,"222":0,"223":0,"224":0,"225":0,"226":0,"227":0,"228":0,"229":0,"230":0,"231":0,"232":0,"233":0},"f":{"0":0,"1":0,"2":0,"3":0,"4":0,"5":0,"6":0,"7":0,"8":0,"9":0,"10":0,"11":0,"12":0,"13":0,"14":0,"15":0,"16":0,"17":0,"18":0,"19":0,"20":0,"21":0,"22":0,"23":0,"24":0},"b":{"0":[0,0],"1":[0,0],"2":[0,0,0],"3":[0,0],"4":[0,0],"5":[0,0],"6":[0,0,0,0,0,0,0,0,0,0,0,0,0,0,0,0],"7":[0,0],"8":[0,0],"9":[0,0],"10":[0,0],"11":[0,0],"12":[0,0],"13":[0,0],"14":[0,0],"15":[0,0],"16":[0,0],"17":[0,0],"18":[0,0],"19":[0,0],"20":[0,0],"21":[0,0],"22":[0,0],"23":[0,0],"24":[0,0],"25":[0,0],"26":[0,0],"27":[0,0],"28":[0,0],"29":[0,0],"30":[0,0],"31":[0,0],"32":[0,0],"33":[0,0],"34":[0,0]}}
}
