TN:
SF:index.js
FN:66,(anonymous_0)
FN:159,(anonymous_1)
FN:199,(anonymous_2)
FN:254,(anonymous_3)
FN:309,(anonymous_4)
FN:354,(anonymous_5)
FN:374,(anonymous_6)
FN:394,(anonymous_7)
FN:410,(anonymous_8)
FN:425,(anonymous_9)
FN:444,(anonymous_10)
FN:460,(anonymous_11)
FN:475,(anonymous_12)
FN:492,(anonymous_13)
FN:511,(anonymous_14)
FN:530,(anonymous_15)
FN:549,(anonymous_16)
FN:566,(anonymous_17)
FN:588,(anonymous_18)
FN:615,(anonymous_19)
FN:638,(anonymous_20)
FN:654,(anonymous_21)
FN:673,(anonymous_22)
FN:689,(anonymous_23)
FN:709,(anonymous_24)
FN:725,(anonymous_25)
FN:746,updateUserSubscription
FN:762,warnUser
FN:788,verifyAdminToken
FN:807,getSubscriptionTier
FN:813,getConsumablesForTier
FN:829,(anonymous_31)
FN:848,(anonymous_32)
FN:867,(anonymous_33)
FN:890,(anonymous_34)
FNF:35
FNH:0
FNDA:0,(anonymous_0)
FNDA:0,(anonymous_1)
FNDA:0,(anonymous_2)
FNDA:0,(anonymous_3)
FNDA:0,(anonymous_4)
FNDA:0,(anonymous_5)
FNDA:0,(anonymous_6)
FNDA:0,(anonymous_7)
FNDA:0,(anonymous_8)
FNDA:0,(anonymous_9)
FNDA:0,(anonymous_10)
FNDA:0,(anonymous_11)
FNDA:0,(anonymous_12)
FNDA:0,(anonymous_13)
FNDA:0,(anonymous_14)
FNDA:0,(anonymous_15)
FNDA:0,(anonymous_16)
FNDA:0,(anonymous_17)
FNDA:0,(anonymous_18)
FNDA:0,(anonymous_19)
FNDA:0,(anonymous_20)
FNDA:0,(anonymous_21)
FNDA:0,(anonymous_22)
FNDA:0,(anonymous_23)
FNDA:0,(anonymous_24)
FNDA:0,(anonymous_25)
FNDA:0,updateUserSubscription
FNDA:0,warnUser
FNDA:0,verifyAdminToken
FNDA:0,getSubscriptionTier
FNDA:0,getConsumablesForTier
FNDA:0,(anonymous_31)
FNDA:0,(anonymous_32)
FNDA:0,(anonymous_33)
FNDA:0,(anonymous_34)
DA:6,0
DA:7,0
DA:8,0
DA:9,0
DA:10,0
DA:11,0
DA:14,0
DA:15,0
DA:16,0
DA:19,0
DA:20,0
DA:21,0
DA:22,0
DA:23,0
DA:24,0
DA:25,0
DA:26,0
DA:27,0
DA:34,0
DA:37,0
DA:54,0
DA:55,0
DA:66,0
DA:68,0
DA:69,0
DA:72,0
DA:73,0
DA:75,0
DA:77,0
DA:79,0
DA:80,0
DA:86,0
DA:90,0
DA:91,0
DA:95,0
DA:96,0
DA:102,0
DA:106,0
DA:127,0
DA:129,0
DA:135,0
DA:144,0
DA:147,0
DA:148,0
DA:150,0
DA:159,0
DA:160,0
DA:161,0
DA:167,0
DA:169,0
DA:170,0
DA:173,0
DA:176,0
DA:179,0
DA:181,0
DA:183,0
DA:187,0
DA:199,0
DA:200,0
DA:201,0
DA:204,0
DA:206,0
DA:208,0
DA:211,0
DA:219,0
DA:220,0
DA:231,0
DA:232,0
DA:235,0
DA:239,0
DA:246,0
DA:247,0
DA:254,0
DA:255,0
DA:256,0
DA:259,0
DA:261,0
DA:262,0
DA:265,0
DA:273,0
DA:274,0
DA:284,0
DA:285,0
DA:289,0
DA:296,0
DA:297,0
DA:309,0
DA:310,0
DA:311,0
DA:314,0
DA:315,0
DA:317,0
DA:319,0
DA:321,0
DA:322,0
DA:323,0
DA:331,0
DA:334,0
DA:336,0
DA:342,0
DA:343,0
DA:345,0
DA:346,0
DA:354,0
DA:355,0
DA:356,0
DA:359,0
DA:360,0
DA:362,0
DA:363,0
DA:364,0
DA:366,0
DA:367,0
DA:374,0
DA:375,0
DA:376,0
DA:379,0
DA:381,0
DA:382,0
DA:383,0
DA:385,0
DA:386,0
DA:394,0
DA:395,0
DA:397,0
DA:398,0
DA:399,0
DA:402,0
DA:403,0
DA:405,0
DA:406,0
DA:410,0
DA:411,0
DA:412,0
DA:413,0
DA:414,0
DA:417,0
DA:418,0
DA:420,0
DA:421,0
DA:425,0
DA:426,0
DA:427,0
DA:428,0
DA:429,0
DA:432,0
DA:433,0
DA:435,0
DA:437,0
DA:438,0
DA:444,0
DA:445,0
DA:446,0
DA:447,0
DA:448,0
DA:451,0
DA:452,0
DA:453,0
DA:455,0
DA:456,0
DA:460,0
DA:461,0
DA:462,0
DA:463,0
DA:464,0
DA:467,0
DA:468,0
DA:470,0
DA:471,0
DA:475,0
DA:476,0
DA:477,0
DA:478,0
DA:479,0
DA:482,0
DA:483,0
DA:484,0
DA:485,0
DA:487,0
DA:488,0
DA:492,0
DA:493,0
DA:494,0
DA:495,0
DA:496,0
DA:499,0
DA:500,0
DA:501,0
DA:503,0
DA:504,0
DA:511,0
DA:512,0
DA:513,0
DA:514,0
DA:515,0
DA:518,0
DA:519,0
DA:521,0
DA:522,0
DA:524,0
DA:525,0
DA:530,0
DA:531,0
DA:532,0
DA:533,0
DA:534,0
DA:537,0
DA:538,0
DA:540,0
DA:541,0
DA:543,0
DA:544,0
DA:549,0
DA:550,0
DA:551,0
DA:552,0
DA:553,0
DA:556,0
DA:557,0
DA:558,0
DA:560,0
DA:561,0
DA:566,0
DA:567,0
DA:568,0
DA:569,0
DA:570,0
DA:573,0
DA:579,0
DA:580,0
DA:582,0
DA:583,0
DA:588,0
DA:589,0
DA:590,0
DA:591,0
DA:592,0
DA:595,0
DA:597,0
DA:598,0
DA:600,0
DA:603,0
DA:605,0
DA:606,0
DA:615,0
DA:616,0
DA:617,0
DA:618,0
DA:619,0
DA:622,0
DA:629,0
DA:630,0
DA:632,0
DA:633,0
DA:638,0
DA:639,0
DA:640,0
DA:641,0
DA:642,0
DA:645,0
DA:646,0
DA:648,0
DA:649,0
DA:654,0
DA:655,0
DA:656,0
DA:657,0
DA:658,0
DA:661,0
DA:662,0
DA:664,0
DA:665,0
DA:667,0
DA:668,0
DA:673,0
DA:674,0
DA:675,0
DA:676,0
DA:677,0
DA:680,0
DA:681,0
DA:683,0
DA:684,0
DA:689,0
DA:690,0
DA:691,0
DA:692,0
DA:693,0
DA:696,0
DA:697,0
DA:698,0
DA:700,0
DA:701,0
DA:703,0
DA:704,0
DA:709,0
DA:710,0
DA:711,0
DA:712,0
DA:713,0
DA:716,0
DA:717,0
DA:719,0
DA:720,0
DA:725,0
DA:726,0
DA:727,0
DA:728,0
DA:729,0
DA:732,0
DA:733,0
DA:735,0
DA:736,0
DA:740,0
DA:747,0
DA:748,0
DA:750,0
DA:758,0
DA:759,0
DA:763,0
DA:771,0
DA:777,0
DA:778,0
DA:784,0
DA:789,0
DA:790,0
DA:793,0
DA:795,0
DA:796,0
DA:799,0
DA:800,0
DA:802,0
DA:803,0
DA:808,0
DA:809,0
DA:810,0
DA:814,0
DA:819,0
DA:829,0
DA:830,0
DA:831,0
DA:834,0
DA:836,0
DA:837,0
DA:838,0
DA:840,0
DA:841,0
DA:848,0
DA:849,0
DA:850,0
DA:853,0
DA:855,0
DA:856,0
DA:857,0
DA:859,0
DA:860,0
DA:867,0
DA:868,0
DA:869,0
DA:872,0
DA:874,0
DA:875,0
DA:876,0
DA:878,0
DA:879,0
DA:887,0
DA:891,0
DA:892,0
DA:893,0
DA:894,0
DA:896,0
DA:897,0
DA:902,0
DA:903,0
LF:374
LH:0
BRDA:68,0,0,0
BRDA:68,0,1,0
BRDA:79,1,0,0
BRDA:79,1,1,0
BRDA:86,2,0,0
BRDA:86,2,1,0
BRDA:90,3,0,0
BRDA:90,3,1,0
BRDA:95,4,0,0
BRDA:95,4,1,0
BRDA:112,5,0,0
BRDA:112,5,1,0
BRDA:114,6,0,0
BRDA:114,6,1,0
BRDA:115,7,0,0
BRDA:115,7,1,0
BRDA:116,8,0,0
BRDA:116,8,1,0
BRDA:117,9,0,0
BRDA:117,9,1,0
BRDA:147,10,0,0
BRDA:147,10,1,0
BRDA:163,11,0,0
BRDA:163,11,1,0
BRDA:169,12,0,0
BRDA:169,12,1,0
BRDA:200,13,0,0
BRDA:200,13,1,0
BRDA:219,14,0,0
BRDA:219,14,1,0
BRDA:231,15,0,0
BRDA:231,15,1,0
BRDA:255,16,0,0
BRDA:255,16,1,0
BRDA:273,17,0,0
BRDA:273,17,1,0
BRDA:284,18,0,0
BRDA:284,18,1,0
BRDA:310,19,0,0
BRDA:310,19,1,0
BRDA:321,20,0,0
BRDA:321,20,1,0
BRDA:342,21,0,0
BRDA:342,21,1,0
BRDA:355,22,0,0
BRDA:355,22,1,0
BRDA:375,23,0,0
BRDA:375,23,1,0
BRDA:398,24,0,0
BRDA:398,24,1,0
BRDA:413,25,0,0
BRDA:413,25,1,0
BRDA:428,26,0,0
BRDA:428,26,1,0
BRDA:447,27,0,0
BRDA:447,27,1,0
BRDA:451,28,0,0
BRDA:451,28,1,0
BRDA:463,29,0,0
BRDA:463,29,1,0
BRDA:478,30,0,0
BRDA:478,30,1,0
BRDA:482,31,0,0
BRDA:482,31,1,0
BRDA:483,32,0,0
BRDA:483,32,1,0
BRDA:495,33,0,0
BRDA:495,33,1,0
BRDA:514,34,0,0
BRDA:514,34,1,0
BRDA:519,35,0,0
BRDA:519,35,1,0
BRDA:533,36,0,0
BRDA:533,36,1,0
BRDA:538,37,0,0
BRDA:538,37,1,0
BRDA:552,38,0,0
BRDA:552,38,1,0
BRDA:556,39,0,0
BRDA:556,39,1,0
BRDA:569,40,0,0
BRDA:569,40,1,0
BRDA:574,41,0,0
BRDA:574,41,1,0
BRDA:575,42,0,0
BRDA:575,42,1,0
BRDA:576,43,0,0
BRDA:576,43,1,0
BRDA:591,44,0,0
BRDA:591,44,1,0
BRDA:597,45,0,0
BRDA:597,45,1,0
BRDA:618,46,0,0
BRDA:618,46,1,0
BRDA:623,47,0,0
BRDA:623,47,1,0
BRDA:624,48,0,0
BRDA:624,48,1,0
BRDA:625,49,0,0
BRDA:625,49,1,0
BRDA:626,50,0,0
BRDA:626,50,1,0
BRDA:641,51,0,0
BRDA:641,51,1,0
BRDA:657,52,0,0
BRDA:657,52,1,0
BRDA:676,53,0,0
BRDA:676,53,1,0
BRDA:692,54,0,0
BRDA:692,54,1,0
BRDA:698,55,0,0
BRDA:698,55,1,0
BRDA:712,56,0,0
BRDA:712,56,1,0
BRDA:728,57,0,0
BRDA:728,57,1,0
BRDA:777,58,0,0
BRDA:777,58,1,0
BRDA:789,59,0,0
BRDA:789,59,1,0
BRDA:789,60,0,0
BRDA:789,60,1,0
BRDA:800,61,0,0
BRDA:800,61,1,0
BRDA:808,62,0,0
BRDA:808,62,1,0
BRDA:809,63,0,0
BRDA:809,63,1,0
BRDA:819,64,0,0
BRDA:819,64,1,0
BRDA:830,65,0,0
BRDA:830,65,1,0
BRDA:849,66,0,0
BRDA:849,66,1,0
BRDA:868,67,0,0
BRDA:868,67,1,0
BRF:136
BRH:0
end_of_record
TN:
SF:modules/adminDashboard.js
FN:30,getCached
FN:50,invalidateCache
FN:60,(anonymous_2)
FN:67,clearCache
FN:74,(anonymous_4)
FN:84,(anonymous_5)
FN:101,logAdminAction
FN:124,getStats
FN:125,(anonymous_8)
FN:132,(anonymous_9)
FN:135,(anonymous_10)
FN:141,(anonymous_11)
FN:142,(anonymous_12)
FN:143,(anonymous_13)
FN:167,(anonymous_14)
FN:171,(anonymous_15)
FN:205,(anonymous_16)
FN:263,getFlaggedContent
FN:285,(anonymous_18)
FN:319,moderateContent
FN:383,getUserDetails
FN:401,(anonymous_21)
FN:413,(anonymous_22)
FN:464,suspendUser
FN:495,unsuspendUser
FN:520,calculateRevenue
FN:538,(anonymous_26)
FN:561,calculateRefundedRevenue
FN:577,(anonymous_28)
FN:585,getUserWarningCount
FN:599,checkAndSuspendUser
FN:621,getSubscriptionAnalytics
FN:635,(anonymous_32)
FN:641,(anonymous_33)
FN:642,(anonymous_34)
FN:643,(anonymous_35)
FN:644,(anonymous_36)
FN:647,(anonymous_37)
FN:648,(anonymous_38)
FN:651,(anonymous_39)
FN:652,(anonymous_40)
FN:696,(anonymous_41)
FN:712,getFraudDashboard
FN:725,(anonymous_43)
FN:738,(anonymous_44)
FN:762,(anonymous_45)
FN:770,(anonymous_46)
FN:775,(anonymous_47)
FN:776,(anonymous_48)
FN:785,(anonymous_49)
FN:793,(anonymous_50)
FN:824,getRefundTracking
FN:841,(anonymous_52)
FN:885,reviewFlaggedTransaction
FN:941,bulkUserOperation
FN:1054,getUserTimeline
FN:1088,(anonymous_56)
FN:1108,(anonymous_57)
FN:1127,(anonymous_58)
FN:1148,(anonymous_59)
FN:1167,(anonymous_60)
FN:1186,(anonymous_61)
FN:1205,(anonymous_62)
FN:1227,(anonymous_63)
FN:1247,(anonymous_64)
FN:1262,(anonymous_65)
FN:1269,(anonymous_66)
FN:1304,detectFraudPatterns
FN:1316,(anonymous_68)
FN:1332,(anonymous_69)
FN:1338,(anonymous_70)
FN:1350,(anonymous_71)
FN:1357,(anonymous_72)
FN:1358,(anonymous_73)
FN:1374,(anonymous_74)
FN:1388,(anonymous_75)
FN:1397,(anonymous_76)
FN:1419,(anonymous_77)
FN:1446,(anonymous_78)
FN:1456,(anonymous_79)
FN:1457,(anonymous_80)
FN:1458,(anonymous_81)
FN:1476,getAdminAuditLogs
FN:1504,(anonymous_83)
FNF:84
FNH:0
FNDA:0,getCached
FNDA:0,invalidateCache
FNDA:0,(anonymous_2)
FNDA:0,clearCache
FNDA:0,(anonymous_4)
FNDA:0,(anonymous_5)
FNDA:0,logAdminAction
FNDA:0,getStats
FNDA:0,(anonymous_8)
FNDA:0,(anonymous_9)
FNDA:0,(anonymous_10)
FNDA:0,(anonymous_11)
FNDA:0,(anonymous_12)
FNDA:0,(anonymous_13)
FNDA:0,(anonymous_14)
FNDA:0,(anonymous_15)
FNDA:0,(anonymous_16)
FNDA:0,getFlaggedContent
FNDA:0,(anonymous_18)
FNDA:0,moderateContent
FNDA:0,getUserDetails
FNDA:0,(anonymous_21)
FNDA:0,(anonymous_22)
FNDA:0,suspendUser
FNDA:0,unsuspendUser
FNDA:0,calculateRevenue
FNDA:0,(anonymous_26)
FNDA:0,calculateRefundedRevenue
FNDA:0,(anonymous_28)
FNDA:0,getUserWarningCount
FNDA:0,checkAndSuspendUser
FNDA:0,getSubscriptionAnalytics
FNDA:0,(anonymous_32)
FNDA:0,(anonymous_33)
FNDA:0,(anonymous_34)
FNDA:0,(anonymous_35)
FNDA:0,(anonymous_36)
FNDA:0,(anonymous_37)
FNDA:0,(anonymous_38)
FNDA:0,(anonymous_39)
FNDA:0,(anonymous_40)
FNDA:0,(anonymous_41)
FNDA:0,getFraudDashboard
FNDA:0,(anonymous_43)
FNDA:0,(anonymous_44)
FNDA:0,(anonymous_45)
FNDA:0,(anonymous_46)
FNDA:0,(anonymous_47)
FNDA:0,(anonymous_48)
FNDA:0,(anonymous_49)
FNDA:0,(anonymous_50)
FNDA:0,getRefundTracking
FNDA:0,(anonymous_52)
FNDA:0,reviewFlaggedTransaction
FNDA:0,bulkUserOperation
FNDA:0,getUserTimeline
FNDA:0,(anonymous_56)
FNDA:0,(anonymous_57)
FNDA:0,(anonymous_58)
FNDA:0,(anonymous_59)
FNDA:0,(anonymous_60)
FNDA:0,(anonymous_61)
FNDA:0,(anonymous_62)
FNDA:0,(anonymous_63)
FNDA:0,(anonymous_64)
FNDA:0,(anonymous_65)
FNDA:0,(anonymous_66)
FNDA:0,detectFraudPatterns
FNDA:0,(anonymous_68)
FNDA:0,(anonymous_69)
FNDA:0,(anonymous_70)
FNDA:0,(anonymous_71)
FNDA:0,(anonymous_72)
FNDA:0,(anonymous_73)
FNDA:0,(anonymous_74)
FNDA:0,(anonymous_75)
FNDA:0,(anonymous_76)
FNDA:0,(anonymous_77)
FNDA:0,(anonymous_78)
FNDA:0,(anonymous_79)
FNDA:0,(anonymous_80)
FNDA:0,(anonymous_81)
FNDA:0,getAdminAuditLogs
FNDA:0,(anonymous_83)
DA:13,0
DA:14,0
DA:20,0
DA:21,0
DA:31,0
DA:32,0
DA:34,0
DA:35,0
DA:36,0
DA:39,0
DA:40,0
DA:41,0
DA:43,0
DA:51,0
DA:52,0
DA:54,0
DA:55,0
DA:56,0
DA:60,0
DA:61,0
DA:68,0
DA:69,0
DA:70,0
DA:74,0
DA:75,0
DA:76,0
DA:78,0
DA:79,0
DA:80,0
DA:84,0
DA:86,0
DA:87,0
DA:102,0
DA:104,0
DA:105,0
DA:114,0
DA:116,0
DA:125,0
DA:126,0
DA:128,0
DA:131,0
DA:132,0
DA:134,0
DA:135,0
DA:136,0
DA:137,0
DA:138,0
DA:141,0
DA:142,0
DA:143,0
DA:146,0
DA:150,0
DA:153,0
DA:154,0
DA:158,0
DA:161,0
DA:162,0
DA:167,0
DA:168,0
DA:171,0
DA:172,0
DA:173,0
DA:176,0
DA:181,0
DA:184,0
DA:188,0
DA:191,0
DA:195,0
DA:197,0
DA:201,0
DA:204,0
DA:205,0
DA:206,0
DA:207,0
DA:211,0
DA:213,0
DA:252,0
DA:253,0
DA:264,0
DA:270,0
DA:272,0
DA:273,0
DA:279,0
DA:280,0
DA:283,0
DA:285,0
DA:286,0
DA:289,0
DA:290,0
DA:292,0
DA:305,0
DA:308,0
DA:309,0
DA:320,0
DA:322,0
DA:323,0
DA:324,0
DA:326,0
DA:327,0
DA:330,0
DA:333,0
DA:340,0
DA:342,0
DA:344,0
DA:345,0
DA:348,0
DA:354,0
DA:363,0
DA:365,0
DA:367,0
DA:370,0
DA:373,0
DA:374,0
DA:384,0
DA:386,0
DA:387,0
DA:389,0
DA:390,0
DA:393,0
DA:396,0
DA:401,0
DA:408,0
DA:413,0
DA:420,0
DA:426,0
DA:429,0
DA:435,0
DA:437,0
DA:453,0
DA:454,0
DA:465,0
DA:467,0
DA:468,0
DA:474,0
DA:475,0
DA:476,0
DA:479,0
DA:481,0
DA:483,0
DA:486,0
DA:487,0
DA:496,0
DA:498,0
DA:499,0
DA:506,0
DA:508,0
DA:511,0
DA:512,0
DA:521,0
DA:534,0
DA:535,0
DA:536,0
DA:538,0
DA:540,0
DA:541,0
DA:544,0
DA:545,0
DA:547,0
DA:548,0
DA:550,0
DA:554,0
DA:562,0
DA:575,0
DA:577,0
DA:578,0
DA:579,0
DA:582,0
DA:586,0
DA:588,0
DA:589,0
DA:593,0
DA:595,0
DA:600,0
DA:602,0
DA:603,0
DA:608,0
DA:609,0
DA:612,0
DA:622,0
DA:625,0
DA:627,0
DA:628,0
DA:631,0
DA:635,0
DA:641,0
DA:642,0
DA:643,0
DA:644,0
DA:647,0
DA:648,0
DA:651,0
DA:652,0
DA:655,0
DA:656,0
DA:659,0
DA:663,0
DA:667,0
DA:671,0
DA:696,0
DA:703,0
DA:704,0
DA:713,0
DA:715,0
DA:716,0
DA:719,0
DA:725,0
DA:732,0
DA:738,0
DA:739,0
DA:742,0
DA:743,0
DA:745,0
DA:758,0
DA:762,0
DA:769,0
DA:770,0
DA:771,0
DA:774,0
DA:775,0
DA:776,0
DA:779,0
DA:785,0
DA:792,0
DA:793,0
DA:794,0
DA:795,0
DA:798,0
DA:814,0
DA:815,0
DA:825,0
DA:829,0
DA:831,0
DA:832,0
DA:834,0
DA:841,0
DA:842,0
DA:845,0
DA:846,0
DA:849,0
DA:854,0
DA:856,0
DA:871,0
DA:874,0
DA:875,0
DA:886,0
DA:888,0
DA:889,0
DA:890,0
DA:892,0
DA:893,0
DA:896,0
DA:903,0
DA:904,0
DA:907,0
DA:915,0
DA:921,0
DA:924,0
DA:925,0
DA:942,0
DA:943,0
DA:949,0
DA:951,0
DA:956,0
DA:957,0
DA:958,0
DA:960,0
DA:968,0
DA:969,0
DA:972,0
DA:976,0
DA:977,0
DA:980,0
DA:984,0
DA:991,0
DA:992,0
DA:995,0
DA:1000,0
DA:1001,0
DA:1004,0
DA:1010,0
DA:1011,0
DA:1014,0
DA:1018,0
DA:1021,0
DA:1022,0
DA:1027,0
DA:1028,0
DA:1030,0
DA:1036,0
DA:1039,0
DA:1040,0
DA:1055,0
DA:1056,0
DA:1058,0
DA:1059,0
DA:1062,0
DA:1063,0
DA:1064,0
DA:1067,0
DA:1070,0
DA:1071,0
DA:1082,0
DA:1088,0
DA:1089,0
DA:1090,0
DA:1102,0
DA:1108,0
DA:1109,0
DA:1110,0
DA:1122,0
DA:1127,0
DA:1128,0
DA:1129,0
DA:1143,0
DA:1148,0
DA:1149,0
DA:1150,0
DA:1162,0
DA:1167,0
DA:1168,0
DA:1169,0
DA:1181,0
DA:1186,0
DA:1187,0
DA:1188,0
DA:1200,0
DA:1205,0
DA:1206,0
DA:1207,0
DA:1222,0
DA:1227,0
DA:1228,0
DA:1229,0
DA:1242,0
DA:1247,0
DA:1248,0
DA:1249,0
DA:1262,0
DA:1263,0
DA:1264,0
DA:1265,0
DA:1269,0
DA:1270,0
DA:1271,0
DA:1275,0
DA:1290,0
DA:1291,0
DA:1305,0
DA:1306,0
DA:1308,0
DA:1309,0
DA:1312,0
DA:1316,0
DA:1321,0
DA:1331,0
DA:1332,0
DA:1333,0
DA:1334,0
DA:1338,0
DA:1339,0
DA:1340,0
DA:1349,0
DA:1350,0
DA:1351,0
DA:1352,0
DA:1354,0
DA:1357,0
DA:1358,0
DA:1359,0
DA:1360,0
DA:1361,0
DA:1362,0
DA:1368,0
DA:1374,0
DA:1375,0
DA:1376,0
DA:1387,0
DA:1388,0
DA:1389,0
DA:1390,0
DA:1391,0
DA:1393,0
DA:1397,0
DA:1398,0
DA:1399,0
DA:1409,0
DA:1419,0
DA:1420,0
DA:1421,0
DA:1422,0
DA:1424,0
DA:1425,0
DA:1439,0
DA:1446,0
DA:1449,0
DA:1456,0
DA:1457,0
DA:1458,0
DA:1466,0
DA:1467,0
DA:1477,0
DA:1483,0
DA:1485,0
DA:1486,0
DA:1490,0
DA:1491,0
DA:1494,0
DA:1495,0
DA:1498,0
DA:1499,0
DA:1502,0
DA:1504,0
DA:1510,0
DA:1513,0
DA:1514,0
DA:1518,0
LF:416
LH:0
BRDA:30,0,0,0
BRDA:34,1,0,0
BRDA:34,1,1,0
BRDA:34,2,0,0
BRDA:34,2,1,0
BRDA:55,3,0,0
BRDA:55,3,1,0
BRDA:79,4,0,0
BRDA:79,4,1,0
BRDA:86,5,0,0
BRDA:86,5,1,0
BRDA:101,6,0,0
BRDA:110,7,0,0
BRDA:110,7,1,0
BRDA:111,8,0,0
BRDA:111,8,1,0
BRDA:138,9,0,0
BRDA:138,9,1,0
BRDA:173,10,0,0
BRDA:173,10,1,0
BRDA:207,11,0,0
BRDA:207,11,1,0
BRDA:211,12,0,0
BRDA:211,12,1,0
BRDA:226,13,0,0
BRDA:226,13,1,0
BRDA:232,14,0,0
BRDA:232,14,1,0
BRDA:263,15,0,0
BRDA:266,16,0,0
BRDA:267,17,0,0
BRDA:268,18,0,0
BRDA:269,19,0,0
BRDA:279,20,0,0
BRDA:279,20,1,0
BRDA:290,21,0,0
BRDA:290,21,1,0
BRDA:297,22,0,0
BRDA:297,22,1,0
BRDA:298,23,0,0
BRDA:298,23,1,0
BRDA:319,24,0,0
BRDA:326,25,0,0
BRDA:326,25,1,0
BRDA:340,26,0,0
BRDA:340,26,1,0
BRDA:342,27,0,0
BRDA:342,27,1,0
BRDA:365,28,0,0
BRDA:365,28,1,0
BRDA:389,29,0,0
BRDA:389,29,1,0
BRDA:464,30,0,0
BRDA:474,31,0,0
BRDA:474,31,1,0
BRDA:540,32,0,0
BRDA:540,32,1,0
BRDA:544,33,0,0
BRDA:544,33,1,0
BRDA:547,34,0,0
BRDA:547,34,1,0
BRDA:547,35,0,0
BRDA:547,35,1,0
BRDA:547,35,2,0
BRDA:578,36,0,0
BRDA:578,36,1,0
BRDA:608,37,0,0
BRDA:608,37,1,0
BRDA:621,38,0,0
BRDA:624,39,0,0
BRDA:659,40,0,0
BRDA:659,40,1,0
BRDA:663,41,0,0
BRDA:663,41,1,0
BRDA:667,42,0,0
BRDA:667,42,1,0
BRDA:695,43,0,0
BRDA:695,43,1,0
BRDA:696,44,0,0
BRDA:696,44,1,0
BRDA:743,45,0,0
BRDA:743,45,1,0
BRDA:750,46,0,0
BRDA:750,46,1,0
BRDA:751,47,0,0
BRDA:751,47,1,0
BRDA:771,48,0,0
BRDA:771,48,1,0
BRDA:794,49,0,0
BRDA:794,49,1,0
BRDA:795,50,0,0
BRDA:795,50,1,0
BRDA:824,51,0,0
BRDA:827,52,0,0
BRDA:828,53,0,0
BRDA:846,54,0,0
BRDA:846,54,1,0
BRDA:861,55,0,0
BRDA:861,55,1,0
BRDA:862,56,0,0
BRDA:862,56,1,0
BRDA:864,57,0,0
BRDA:864,57,1,0
BRDA:885,58,0,0
BRDA:892,59,0,0
BRDA:892,59,1,0
BRDA:903,60,0,0
BRDA:903,60,1,0
BRDA:941,61,0,0
BRDA:941,62,0,0
BRDA:958,63,0,0
BRDA:958,63,1,0
BRDA:958,63,2,0
BRDA:958,63,3,0
BRDA:958,63,4,0
BRDA:958,63,5,0
BRDA:962,64,0,0
BRDA:962,64,1,0
BRDA:964,65,0,0
BRDA:964,65,1,0
BRDA:980,66,0,0
BRDA:980,66,1,0
BRDA:986,67,0,0
BRDA:986,67,1,0
BRDA:1054,68,0,0
BRDA:1056,69,0,0
BRDA:1063,70,0,0
BRDA:1063,70,1,0
BRDA:1070,71,0,0
BRDA:1070,71,1,0
BRDA:1130,72,0,0
BRDA:1130,72,1,0
BRDA:1131,73,0,0
BRDA:1131,73,1,0
BRDA:1263,74,0,0
BRDA:1263,74,1,0
BRDA:1264,75,0,0
BRDA:1264,75,1,0
BRDA:1270,76,0,0
BRDA:1270,76,1,0
BRDA:1304,77,0,0
BRDA:1306,78,0,0
BRDA:1333,79,0,0
BRDA:1333,79,1,0
BRDA:1334,80,0,0
BRDA:1334,80,1,0
BRDA:1339,81,0,0
BRDA:1339,81,1,0
BRDA:1343,82,0,0
BRDA:1343,82,1,0
BRDA:1351,83,0,0
BRDA:1351,83,1,0
BRDA:1361,84,0,0
BRDA:1361,84,1,0
BRDA:1375,85,0,0
BRDA:1375,85,1,0
BRDA:1381,86,0,0
BRDA:1381,86,1,0
BRDA:1389,87,0,0
BRDA:1389,87,1,0
BRDA:1390,88,0,0
BRDA:1390,88,1,0
BRDA:1398,89,0,0
BRDA:1398,89,1,0
BRDA:1420,90,0,0
BRDA:1420,90,1,0
BRDA:1420,91,0,0
BRDA:1420,91,1,0
BRDA:1424,92,0,0
BRDA:1424,92,1,0
BRDA:1476,93,0,0
BRDA:1479,94,0,0
BRDA:1480,95,0,0
BRDA:1481,96,0,0
BRDA:1482,97,0,0
BRDA:1490,98,0,0
BRDA:1490,98,1,0
BRDA:1494,99,0,0
BRDA:1494,99,1,0
BRDA:1498,100,0,0
BRDA:1498,100,1,0
BRF:181
BRH:0
end_of_record
TN:
SF:modules/adminSecurity.js
FN:33,checkAdminLoginRateLimit
FN:52,checkAdminActionRateLimit
FN:75,checkBulkOperationRateLimit
FN:93,requireAdmin
FN:94,(anonymous_4)
FNF:5
FNH:5
FNDA:28,checkAdminLoginRateLimit
FNDA:327,checkAdminActionRateLimit
FNDA:36,checkBulkOperationRateLimit
FNDA:5,requireAdmin
FNDA:5,(anonymous_4)
DA:6,1
DA:7,1
DA:10,1
DA:16,1
DA:22,1
DA:34,28
DA:35,28
DA:36,23
DA:38,5
DA:39,5
DA:53,327
DA:54,327
DA:55,323
DA:56,323
DA:61,4
DA:62,4
DA:76,36
DA:77,36
DA:78,32
DA:80,4
DA:81,4
DA:94,5
DA:96,5
DA:97,1
DA:108,4
DA:109,2
DA:110,2
DA:111,1
DA:118,1
DA:121,3
DA:125,1
LF:31
LH:31
BRDA:58,0,0,323
BRDA:58,0,1,0
BRDA:93,1,0,1
BRDA:96,2,0,1
BRDA:96,2,1,4
BRDA:108,3,0,2
BRDA:108,3,1,2
BRDA:110,4,0,1
BRDA:110,4,1,1
BRF:9
BRH:8
end_of_record
TN:
SF:modules/contentModeration.js
FN:15,moderateImage
FN:36,moderateWithVisionAPI
FN:69,(anonymous_2)
FN:70,(anonymous_3)
FN:115,moderateText
FN:177,removePhoto
FN:201,getProhibitedPatterns
FN:222,checkForContactInfo
FN:245,checkForSpam
FN:253,(anonymous_9)
FN:256,determineTextSeverity
FN:260,(anonymous_11)
FN:261,(anonymous_12)
FN:265,getSuggestions
FN:274,(anonymous_14)
FNF:15
FNH:11
FNDA:0,moderateImage
FNDA:0,moderateWithVisionAPI
FNDA:0,(anonymous_2)
FNDA:0,(anonymous_3)
FNDA:29,moderateText
FNDA:4,removePhoto
FNDA:29,getProhibitedPatterns
FNDA:28,checkForContactInfo
FNDA:28,checkForSpam
FNDA:102,(anonymous_9)
FNDA:28,determineTextSeverity
FNDA:18,(anonymous_11)
FNDA:13,(anonymous_12)
FNDA:17,getSuggestions
FNDA:18,(anonymous_14)
DA:6,1
DA:7,1
DA:8,1
DA:16,0
DA:18,0
DA:23,0
DA:26,0
DA:27,0
DA:37,0
DA:38,0
DA:40,0
DA:41,0
DA:42,0
DA:45,0
DA:54,0
DA:62,0
DA:63,0
DA:64,0
DA:66,0
DA:67,0
DA:68,0
DA:69,0
DA:70,0
DA:72,0
DA:76,0
DA:77,0
DA:79,0
DA:80,0
DA:81,0
DA:82,0
DA:85,0
DA:97,0
DA:100,0
DA:116,29
DA:118,29
DA:119,29
DA:121,29
DA:122,113
DA:123,113
DA:124,7
DA:125,7
DA:131,28
DA:132,28
DA:133,6
DA:137,28
DA:138,28
DA:139,5
DA:142,28
DA:143,28
DA:145,28
DA:146,28
DA:147,17
DA:150,28
DA:163,1
DA:164,1
DA:178,4
DA:179,4
DA:180,4
DA:183,4
DA:184,4
DA:185,4
DA:187,4
DA:188,4
DA:190,4
DA:192,0
DA:193,0
DA:202,29
DA:223,28
DA:232,28
DA:233,28
DA:234,168
DA:235,6
DA:239,28
DA:246,28
DA:253,102
DA:257,28
DA:258,28
DA:260,28
DA:261,24
DA:262,16
DA:266,17
DA:274,18
DA:277,1
LF:83
LH:51
BRDA:55,0,0,0
BRDA:55,0,1,0
BRDA:56,1,0,0
BRDA:56,1,1,0
BRDA:57,2,0,0
BRDA:57,2,1,0
BRDA:58,3,0,0
BRDA:58,3,1,0
BRDA:64,4,0,0
BRDA:64,4,1,0
BRDA:64,5,0,0
BRDA:64,5,1,0
BRDA:67,6,0,0
BRDA:67,6,1,0
BRDA:77,7,0,0
BRDA:77,7,1,0
BRDA:79,8,0,0
BRDA:79,8,1,0
BRDA:81,9,0,0
BRDA:81,9,1,0
BRDA:123,10,0,7
BRDA:123,10,1,105
BRDA:132,11,0,6
BRDA:132,11,1,22
BRDA:138,12,0,5
BRDA:138,12,1,23
BRDA:146,13,0,17
BRDA:146,13,1,11
BRDA:152,14,0,11
BRDA:152,14,1,17
BRDA:234,15,0,6
BRDA:234,15,1,162
BRDA:260,16,0,4
BRDA:260,16,1,24
BRDA:261,17,0,8
BRDA:261,17,1,16
BRF:36
BRH:16
end_of_record
TN:
SF:modules/fraudDetection.js
FN:64,calculateFraudScore
FN:199,detectJailbreakIndicators
FN:254,(anonymous_2)
FN:255,(anonymous_3)
FN:301,detectRapidPurchaseRefundCycle
FN:312,(anonymous_5)
FN:363,checkVelocity
FN:413,analyzeDeviceFingerprint
FN:447,analyzeBehavioralPatterns
FN:495,getRefundCount
FN:507,getValidationFailureCount
FN:519,getPromotionalPurchaseCount
FN:531,getFraudAttemptCount
FN:546,checkReceiptDuplicate
FN:581,checkPromotionalCodeAbuse
FN:616,(anonymous_15)
FN:642,trackFraudAttempt
FN:686,trackValidationFailure
FN:709,flagTransactionForReview
FN:755,generateDeviceFingerprint
FNF:20
FNH:19
FNDA:6,calculateFraudScore
FNDA:6,detectJailbreakIndicators
FNDA:1,(anonymous_2)
FNDA:1,(anonymous_3)
FNDA:9,detectRapidPurchaseRefundCycle
FNDA:37,(anonymous_5)
FNDA:8,checkVelocity
FNDA:1,analyzeDeviceFingerprint
FNDA:6,analyzeBehavioralPatterns
FNDA:6,getRefundCount
FNDA:6,getValidationFailureCount
FNDA:2,getPromotionalPurchaseCount
FNDA:6,getFraudAttemptCount
FNDA:3,checkReceiptDuplicate
FNDA:3,checkPromotionalCodeAbuse
FNDA:1,(anonymous_15)
FNDA:1,trackFraudAttempt
FNDA:0,trackValidationFailure
FNDA:2,flagTransactionForReview
FNDA:4,generateDeviceFingerprint
DA:15,1
DA:16,1
DA:17,1
DA:20,1
DA:65,6
DA:66,6
DA:67,6
DA:69,6
DA:71,6
DA:72,6
DA:73,3
DA:74,3
DA:75,3
DA:76,0
DA:77,0
DA:78,3
DA:79,0
DA:80,0
DA:84,6
DA:85,6
DA:86,0
DA:87,0
DA:88,6
DA:89,1
DA:90,1
DA:94,6
DA:95,6
DA:96,6
DA:97,6
DA:99,6
DA:100,2
DA:101,2
DA:102,4
DA:103,0
DA:104,0
DA:109,6
DA:110,4
DA:111,2
DA:112,2
DA:113,2
DA:114,0
DA:115,0
DA:120,6
DA:121,2
DA:122,2
DA:123,2
DA:124,2
DA:125,0
DA:126,0
DA:127,0
DA:132,6
DA:133,6
DA:134,2
DA:135,2
DA:139,6
DA:140,6
DA:141,1
DA:142,1
DA:146,6
DA:147,6
DA:148,3
DA:149,3
DA:153,6
DA:154,1
DA:155,1
DA:156,1
DA:157,1
DA:162,6
DA:163,6
DA:164,6
DA:165,6
DA:169,6
DA:172,6
DA:182,6
DA:185,0
DA:189,0
DA:200,6
DA:201,6
DA:204,6
DA:205,6
DA:210,6
DA:211,51
DA:212,1
DA:213,1
DA:214,1
DA:219,6
DA:220,6
DA:221,1
DA:222,1
DA:226,6
DA:227,5
DA:228,5
DA:232,6
DA:233,1
DA:234,1
DA:238,6
DA:240,2
DA:241,1
DA:242,1
DA:246,2
DA:254,2
DA:255,1
DA:257,1
DA:258,1
DA:262,2
DA:263,1
DA:264,1
DA:269,6
DA:270,6
DA:271,6
DA:274,6
DA:275,1
DA:276,1
DA:283,6
DA:285,6
DA:286,5
DA:293,6
DA:302,9
DA:304,9
DA:305,9
DA:307,9
DA:312,9
DA:313,37
DA:317,9
DA:319,3
DA:325,3
DA:329,6
DA:330,6
DA:331,17
DA:332,17
DA:333,2
DA:334,2
DA:336,2
DA:337,2
DA:342,6
DA:343,1
DA:347,1
DA:350,5
DA:353,0
DA:354,0
DA:364,8
DA:365,8
DA:367,8
DA:368,8
DA:369,8
DA:370,8
DA:373,8
DA:378,8
DA:379,4
DA:380,4
DA:387,8
DA:392,8
DA:393,0
DA:394,0
DA:400,8
DA:403,0
DA:404,0
DA:414,1
DA:415,1
DA:417,1
DA:419,1
DA:423,1
DA:424,1
DA:425,1
DA:429,0
DA:430,0
DA:433,1
DA:436,0
DA:437,0
DA:448,6
DA:449,6
DA:451,6
DA:452,6
DA:454,6
DA:455,0
DA:458,6
DA:461,6
DA:462,6
DA:463,6
DA:467,6
DA:468,6
DA:469,6
DA:473,6
DA:474,1
DA:478,1
DA:479,0
DA:480,0
DA:484,6
DA:487,0
DA:488,0
DA:496,6
DA:497,6
DA:501,6
DA:508,6
DA:509,6
DA:513,6
DA:520,2
DA:521,2
DA:525,2
DA:532,6
DA:533,6
DA:537,6
DA:547,3
DA:549,3
DA:550,3
DA:554,3
DA:555,2
DA:558,2
DA:559,1
DA:564,1
DA:568,2
DA:570,0
DA:571,0
DA:582,3
DA:584,3
DA:586,3
DA:592,3
DA:593,1
DA:597,1
DA:601,2
DA:606,2
DA:607,1
DA:611,1
DA:615,1
DA:616,1
DA:617,1
DA:618,1
DA:621,1
DA:622,0
DA:626,0
DA:629,1
DA:631,0
DA:632,0
DA:643,1
DA:645,1
DA:646,1
DA:656,0
DA:668,0
DA:675,1
DA:687,0
DA:689,0
DA:690,0
DA:699,0
DA:710,2
DA:712,2
DA:713,2
DA:725,0
DA:726,0
DA:739,0
DA:746,2
DA:763,4
DA:765,4
DA:767,4
DA:773,1
LF:254
LH:209
BRDA:64,0,0,0
BRDA:72,1,0,3
BRDA:72,1,1,3
BRDA:75,2,0,0
BRDA:75,2,1,3
BRDA:78,3,0,0
BRDA:78,3,1,3
BRDA:85,4,0,0
BRDA:85,4,1,6
BRDA:88,5,0,1
BRDA:88,5,1,5
BRDA:95,6,0,6
BRDA:95,6,1,0
BRDA:99,7,0,2
BRDA:99,7,1,4
BRDA:102,8,0,0
BRDA:102,8,1,4
BRDA:109,9,0,4
BRDA:109,9,1,2
BRDA:110,10,0,2
BRDA:110,10,1,2
BRDA:113,11,0,0
BRDA:113,11,1,2
BRDA:120,12,0,2
BRDA:120,12,1,4
BRDA:122,13,0,2
BRDA:122,13,1,0
BRDA:125,14,0,0
BRDA:125,14,1,0
BRDA:133,15,0,2
BRDA:133,15,1,4
BRDA:140,16,0,1
BRDA:140,16,1,5
BRDA:147,17,0,3
BRDA:147,17,1,3
BRDA:153,18,0,1
BRDA:153,18,1,5
BRDA:156,19,0,1
BRDA:156,19,1,0
BRDA:164,20,0,6
BRDA:164,20,1,0
BRDA:199,21,0,4
BRDA:204,22,0,6
BRDA:204,22,1,0
BRDA:211,23,0,1
BRDA:211,23,1,50
BRDA:220,24,0,1
BRDA:220,24,1,5
BRDA:220,25,0,6
BRDA:220,25,1,1
BRDA:226,26,0,5
BRDA:226,26,1,1
BRDA:232,27,0,1
BRDA:232,27,1,5
BRDA:232,28,0,6
BRDA:232,28,1,2
BRDA:232,28,2,2
BRDA:238,29,0,2
BRDA:238,29,1,4
BRDA:240,30,0,1
BRDA:240,30,1,1
BRDA:254,31,0,1
BRDA:254,31,1,1
BRDA:254,32,0,2
BRDA:254,32,1,2
BRDA:262,33,0,1
BRDA:262,33,1,1
BRDA:269,34,0,6
BRDA:269,34,1,0
BRDA:274,35,0,1
BRDA:274,35,1,5
BRDA:285,36,0,5
BRDA:285,36,1,1
BRDA:317,37,0,3
BRDA:317,37,1,6
BRDA:317,38,0,9
BRDA:317,38,1,5
BRDA:332,39,0,2
BRDA:332,39,1,15
BRDA:332,40,0,17
BRDA:332,40,1,3
BRDA:332,40,2,2
BRDA:336,41,0,2
BRDA:336,41,1,0
BRDA:342,42,0,1
BRDA:342,42,1,5
BRDA:378,43,0,4
BRDA:378,43,1,4
BRDA:392,44,0,0
BRDA:392,44,1,8
BRDA:423,45,0,1
BRDA:423,45,1,0
BRDA:429,46,0,0
BRDA:429,46,1,0
BRDA:454,47,0,0
BRDA:454,47,1,6
BRDA:461,48,0,6
BRDA:461,48,1,0
BRDA:461,49,0,6
BRDA:461,49,1,6
BRDA:467,50,0,6
BRDA:467,50,1,0
BRDA:473,51,0,1
BRDA:473,51,1,5
BRDA:473,52,0,6
BRDA:473,52,1,1
BRDA:478,53,0,0
BRDA:478,53,1,1
BRDA:554,54,0,2
BRDA:554,54,1,1
BRDA:558,55,0,1
BRDA:558,55,1,1
BRDA:592,56,0,1
BRDA:592,56,1,2
BRDA:606,57,0,1
BRDA:606,57,1,1
BRDA:618,58,0,1
BRDA:618,58,1,1
BRDA:621,59,0,0
BRDA:621,59,1,1
BRDA:686,60,0,0
BRDA:725,61,0,0
BRDA:725,61,1,0
BRF:123
BRH:96
end_of_record
TN:
SF:modules/moderationQueue.js
FN:34,calculatePriority
FN:91,getPriorityLevel
FN:107,getQueue
FN:131,(anonymous_3)
FN:173,(anonymous_4)
FN:188,addToQueue
FN:232,assignToModerator
FN:269,autoAssignItems
FN:278,(anonymous_8)
FN:288,(anonymous_9)
FN:301,(anonymous_10)
FN:318,(anonymous_11)
FN:340,completeModeration
FN:427,getQueueStats
FN:433,(anonymous_14)
FN:436,(anonymous_15)
FN:437,(anonymous_16)
FN:438,(anonymous_17)
FN:441,(anonymous_18)
FN:449,(anonymous_19)
FN:463,(anonymous_20)
FN:467,(anonymous_21)
FN:475,(anonymous_22)
FN:479,(anonymous_23)
FN:484,(anonymous_24)
FN:515,escalateStaleItems
FNF:26
FNH:0
FNDA:0,calculatePriority
FNDA:0,getPriorityLevel
FNDA:0,getQueue
FNDA:0,(anonymous_3)
FNDA:0,(anonymous_4)
FNDA:0,addToQueue
FNDA:0,assignToModerator
FNDA:0,autoAssignItems
FNDA:0,(anonymous_8)
FNDA:0,(anonymous_9)
FNDA:0,(anonymous_10)
FNDA:0,(anonymous_11)
FNDA:0,completeModeration
FNDA:0,getQueueStats
FNDA:0,(anonymous_14)
FNDA:0,(anonymous_15)
FNDA:0,(anonymous_16)
FNDA:0,(anonymous_17)
FNDA:0,(anonymous_18)
FNDA:0,(anonymous_19)
FNDA:0,(anonymous_20)
FNDA:0,(anonymous_21)
FNDA:0,(anonymous_22)
FNDA:0,(anonymous_23)
FNDA:0,(anonymous_24)
FNDA:0,escalateStaleItems
DA:13,0
DA:14,0
DA:35,0
DA:38,0
DA:44,0
DA:47,0
DA:48,0
DA:49,0
DA:50,0
DA:51,0
DA:52,0
DA:53,0
DA:57,0
DA:58,0
DA:59,0
DA:60,0
DA:61,0
DA:62,0
DA:63,0
DA:64,0
DA:65,0
DA:69,0
DA:70,0
DA:71,0
DA:72,0
DA:73,0
DA:74,0
DA:75,0
DA:79,0
DA:80,0
DA:83,0
DA:92,0
DA:93,0
DA:94,0
DA:95,0
DA:108,0
DA:114,0
DA:116,0
DA:117,0
DA:120,0
DA:121,0
DA:124,0
DA:125,0
DA:128,0
DA:131,0
DA:132,0
DA:135,0
DA:136,0
DA:139,0
DA:143,0
DA:147,0
DA:153,0
DA:155,0
DA:173,0
DA:175,0
DA:178,0
DA:179,0
DA:189,0
DA:191,0
DA:192,0
DA:210,0
DA:212,0
DA:218,0
DA:221,0
DA:222,0
DA:233,0
DA:235,0
DA:236,0
DA:237,0
DA:239,0
DA:240,0
DA:243,0
DA:245,0
DA:246,0
DA:249,0
DA:255,0
DA:257,0
DA:260,0
DA:261,0
DA:270,0
DA:272,0
DA:274,0
DA:278,0
DA:283,0
DA:284,0
DA:288,0
DA:289,0
DA:294,0
DA:301,0
DA:304,0
DA:306,0
DA:308,0
DA:310,0
DA:312,0
DA:313,0
DA:314,0
DA:315,0
DA:318,0
DA:322,0
DA:324,0
DA:327,0
DA:328,0
DA:341,0
DA:343,0
DA:344,0
DA:345,0
DA:347,0
DA:348,0
DA:351,0
DA:354,0
DA:366,0
DA:368,0
DA:370,0
DA:371,0
DA:374,0
DA:380,0
DA:389,0
DA:394,0
DA:395,0
DA:405,0
DA:406,0
DA:413,0
DA:415,0
DA:418,0
DA:419,0
DA:428,0
DA:430,0
DA:432,0
DA:433,0
DA:436,0
DA:437,0
DA:438,0
DA:441,0
DA:442,0
DA:449,0
DA:450,0
DA:454,0
DA:455,0
DA:456,0
DA:458,0
DA:462,0
DA:463,0
DA:464,0
DA:467,0
DA:468,0
DA:469,0
DA:470,0
DA:474,0
DA:475,0
DA:478,0
DA:479,0
DA:483,0
DA:484,0
DA:485,0
DA:488,0
DA:506,0
DA:507,0
DA:516,0
DA:518,0
DA:519,0
DA:520,0
DA:523,0
DA:528,0
DA:530,0
DA:531,0
DA:534,0
DA:535,0
DA:536,0
DA:537,0
DA:539,0
DA:540,0
DA:546,0
DA:548,0
DA:556,0
DA:559,0
DA:560,0
DA:564,0
LF:177
LH:0
BRDA:44,0,0,0
BRDA:44,0,1,0
BRDA:47,1,0,0
BRDA:47,1,1,0
BRDA:48,2,0,0
BRDA:48,2,1,0
BRDA:50,3,0,0
BRDA:50,3,1,0
BRDA:52,4,0,0
BRDA:52,4,1,0
BRDA:57,5,0,0
BRDA:57,5,1,0
BRDA:58,6,0,0
BRDA:58,6,1,0
BRDA:60,7,0,0
BRDA:60,7,1,0
BRDA:62,8,0,0
BRDA:62,8,1,0
BRDA:64,9,0,0
BRDA:64,9,1,0
BRDA:69,10,0,0
BRDA:69,10,1,0
BRDA:70,11,0,0
BRDA:70,11,1,0
BRDA:72,12,0,0
BRDA:72,12,1,0
BRDA:74,13,0,0
BRDA:74,13,1,0
BRDA:79,14,0,0
BRDA:79,14,1,0
BRDA:92,15,0,0
BRDA:92,15,1,0
BRDA:93,16,0,0
BRDA:93,16,1,0
BRDA:94,17,0,0
BRDA:94,17,1,0
BRDA:107,18,0,0
BRDA:110,19,0,0
BRDA:111,20,0,0
BRDA:112,21,0,0
BRDA:113,22,0,0
BRDA:120,23,0,0
BRDA:120,23,1,0
BRDA:124,24,0,0
BRDA:124,24,1,0
BRDA:136,25,0,0
BRDA:136,25,1,0
BRDA:143,26,0,0
BRDA:143,26,1,0
BRDA:160,27,0,0
BRDA:160,27,1,0
BRDA:161,28,0,0
BRDA:161,28,1,0
BRDA:163,29,0,0
BRDA:163,29,1,0
BRDA:196,30,0,0
BRDA:196,30,1,0
BRDA:197,31,0,0
BRDA:197,31,1,0
BRDA:199,32,0,0
BRDA:199,32,1,0
BRDA:200,33,0,0
BRDA:200,33,1,0
BRDA:201,34,0,0
BRDA:201,34,1,0
BRDA:207,35,0,0
BRDA:207,35,1,0
BRDA:239,36,0,0
BRDA:239,36,1,0
BRDA:245,37,0,0
BRDA:245,37,1,0
BRDA:283,38,0,0
BRDA:283,38,1,0
BRDA:312,39,0,0
BRDA:312,39,1,0
BRDA:347,40,0,0
BRDA:347,40,1,0
BRDA:360,41,0,0
BRDA:360,41,1,0
BRDA:366,42,0,0
BRDA:366,42,1,0
BRDA:368,43,0,0
BRDA:368,43,1,0
BRDA:368,44,0,0
BRDA:368,44,1,0
BRDA:394,45,0,0
BRDA:394,45,1,0
BRDA:450,46,0,0
BRDA:450,46,1,0
BRDA:464,47,0,0
BRDA:464,47,1,0
BRDA:468,48,0,0
BRDA:468,48,1,0
BRDA:470,49,0,0
BRDA:470,49,1,0
BRDA:475,50,0,0
BRDA:475,50,1,0
BRDA:478,51,0,0
BRDA:478,51,1,0
BRDA:485,52,0,0
BRDA:485,52,1,0
BRDA:535,53,0,0
BRDA:535,53,1,0
BRDA:536,54,0,0
BRDA:536,54,1,0
BRDA:537,55,0,0
BRDA:537,55,1,0
BRDA:539,56,0,0
BRDA:539,56,1,0
BRF:109
BRH:0
end_of_record
TN:
SF:modules/notifications.js
FN:15,sendPushNotification
FN:71,sendMatchNotification
FN:124,sendMessageNotification
FN:171,sendLikeNotification
FN:222,sendDailyEngagementReminders
FN:293,getUnreadCount
FN:312,getPersonalizedStats
FNF:7
FNH:0
FNDA:0,sendPushNotification
FNDA:0,sendMatchNotification
FNDA:0,sendMessageNotification
FNDA:0,sendLikeNotification
FNDA:0,sendDailyEngagementReminders
FNDA:0,getUnreadCount
FNDA:0,getPersonalizedStats
DA:6,0
DA:7,0
DA:16,0
DA:17,0
DA:51,0
DA:53,0
DA:55,0
DA:61,0
DA:62,0
DA:72,0
DA:74,0
DA:75,0
DA:78,0
DA:79,0
DA:81,0
DA:82,0
DA:83,0
DA:87,0
DA:88,0
DA:89,0
DA:92,0
DA:107,0
DA:110,0
DA:125,0
DA:127,0
DA:128,0
DA:131,0
DA:132,0
DA:134,0
DA:135,0
DA:138,0
DA:154,0
DA:156,0
DA:172,0
DA:174,0
DA:175,0
DA:178,0
DA:181,0
DA:182,0
DA:183,0
DA:186,0
DA:188,0
DA:189,0
DA:192,0
DA:194,0
DA:208,0
DA:210,0
DA:223,0
DA:224,0
DA:227,0
DA:234,0
DA:236,0
DA:238,0
DA:239,0
DA:240,0
DA:242,0
DA:243,0
DA:247,0
DA:249,0
DA:250,0
DA:253,0
DA:254,0
DA:255,0
DA:256,0
DA:257,0
DA:258,0
DA:259,0
DA:260,0
DA:261,0
DA:264,0
DA:278,0
DA:281,0
DA:283,0
DA:285,0
DA:294,0
DA:295,0
DA:301,0
DA:303,0
DA:313,0
DA:316,0
DA:322,0
DA:325,0
DA:331,0
DA:334,0
DA:340,0
DA:342,0
DA:349,0
LF:87
LH:0
BRDA:24,0,0,0
BRDA:24,0,1,0
BRDA:28,1,0,0
BRDA:28,1,1,0
BRDA:29,2,0,0
BRDA:29,2,1,0
BRDA:30,3,0,0
BRDA:30,3,1,0
BRDA:40,4,0,0
BRDA:40,4,1,0
BRDA:41,5,0,0
BRDA:41,5,1,0
BRDA:74,6,0,0
BRDA:74,6,1,0
BRDA:81,7,0,0
BRDA:81,7,1,0
BRDA:87,8,0,0
BRDA:87,8,1,0
BRDA:127,9,0,0
BRDA:127,9,1,0
BRDA:134,10,0,0
BRDA:134,10,1,0
BRDA:134,11,0,0
BRDA:134,11,1,0
BRDA:140,12,0,0
BRDA:140,12,1,0
BRDA:174,13,0,0
BRDA:174,13,1,0
BRDA:181,14,0,0
BRDA:181,14,1,0
BRDA:188,15,0,0
BRDA:188,15,1,0
BRDA:188,16,0,0
BRDA:188,16,1,0
BRDA:192,17,0,0
BRDA:192,17,1,0
BRDA:195,18,0,0
BRDA:195,18,1,0
BRDA:196,19,0,0
BRDA:196,19,1,0
BRDA:197,20,0,0
BRDA:197,20,1,0
BRDA:202,21,0,0
BRDA:202,21,1,0
BRDA:212,22,0,0
BRDA:212,22,1,0
BRDA:242,23,0,0
BRDA:242,23,1,0
BRDA:253,24,0,0
BRDA:253,24,1,0
BRDA:254,25,0,0
BRDA:254,25,1,0
BRDA:256,26,0,0
BRDA:256,26,1,0
BRDA:259,27,0,0
BRDA:259,27,1,0
BRDA:260,28,0,0
BRDA:260,28,1,0
BRF:58
BRH:0
end_of_record
TN:
SF:modules/rateLimiting.js
FN:71,initializeLimiters
FN:101,checkRateLimit
FN:153,recordAction
FN:179,getRemainingQuota
FN:207,resetRateLimit
FN:225,getLimits
FN:235,penalizeUser
FN:265,getLimiter
FN:276,isUserPremium
FN:293,hasConsumables
FN:324,validateAction
FN:369,validateBatchActions
FN:384,getUserRateLimitStatus
FNF:13
FNH:0
FNDA:0,initializeLimiters
FNDA:0,checkRateLimit
FNDA:0,recordAction
FNDA:0,getRemainingQuota
FNDA:0,resetRateLimit
FNDA:0,getLimits
FNDA:0,penalizeUser
FNDA:0,getLimiter
FNDA:0,isUserPremium
FNDA:0,hasConsumables
FNDA:0,validateAction
FNDA:0,validateBatchActions
FNDA:0,getUserRateLimitStatus
DA:6,0
DA:7,0
DA:8,0
DA:11,0
DA:63,0
DA:66,0
DA:72,0
DA:74,0
DA:76,0
DA:83,0
DA:102,0
DA:104,0
DA:105,0
DA:106,0
DA:107,0
DA:110,0
DA:111,0
DA:112,0
DA:114,0
DA:116,0
DA:119,0
DA:121,0
DA:122,0
DA:123,0
DA:127,0
DA:128,0
DA:129,0
DA:132,0
DA:138,0
DA:142,0
DA:144,0
DA:154,0
DA:156,0
DA:157,0
DA:158,0
DA:161,0
DA:168,0
DA:180,0
DA:182,0
DA:183,0
DA:186,0
DA:187,0
DA:189,0
DA:191,0
DA:194,0
DA:197,0
DA:198,0
DA:208,0
DA:210,0
DA:211,0
DA:212,0
DA:213,0
DA:215,0
DA:226,0
DA:236,0
DA:238,0
DA:239,0
DA:240,0
DA:241,0
DA:244,0
DA:247,0
DA:254,0
DA:256,0
DA:267,0
DA:269,0
DA:270,0
DA:273,0
DA:277,0
DA:278,0
DA:280,0
DA:281,0
DA:284,0
DA:285,0
DA:288,0
DA:289,0
DA:294,0
DA:295,0
DA:297,0
DA:298,0
DA:301,0
DA:302,0
DA:305,0
DA:306,0
DA:311,0
DA:325,0
DA:327,0
DA:329,0
DA:330,0
DA:331,0
DA:333,0
DA:343,0
DA:345,0
DA:352,0
DA:355,0
DA:370,0
DA:372,0
DA:373,0
DA:376,0
DA:385,0
DA:387,0
DA:388,0
DA:389,0
DA:391,0
DA:398,0
DA:401,0
LF:105
LH:0
BRDA:105,0,0,0
BRDA:105,0,1,0
BRDA:107,1,0,0
BRDA:107,1,1,0
BRDA:110,2,0,0
BRDA:110,2,1,0
BRDA:112,3,0,0
BRDA:112,3,1,0
BRDA:121,4,0,0
BRDA:121,4,1,0
BRDA:156,5,0,0
BRDA:156,5,1,0
BRDA:182,6,0,0
BRDA:182,6,1,0
BRDA:189,7,0,0
BRDA:189,7,1,0
BRDA:210,8,0,0
BRDA:210,8,1,0
BRDA:226,9,0,0
BRDA:226,9,1,0
BRDA:235,10,0,0
BRDA:238,11,0,0
BRDA:238,11,1,0
BRDA:269,12,0,0
BRDA:269,12,1,0
BRDA:280,13,0,0
BRDA:280,13,1,0
BRDA:297,14,0,0
BRDA:297,14,1,0
BRDA:302,15,0,0
BRDA:302,15,1,0
BRDA:329,16,0,0
BRDA:329,16,1,0
BRDA:348,17,0,0
BRDA:348,17,1,0
BRF:35
BRH:0
end_of_record
TN:
SF:modules/receiptValidation.js
FN:36,validateAppleReceipt
FN:205,verifyWebhookSignature
FN:226,(anonymous_2)
FN:227,(anonymous_3)
FN:237,(anonymous_4)
FN:241,(anonymous_5)
FN:270,trackSecurityEvent
FN:288,logSecurityEvent
FN:307,getErrorMessage
FN:331,validateGooglePlayPurchase
FNF:10
FNH:7
FNDA:17,validateAppleReceipt
FNDA:4,verifyWebhookSignature
FNDA:0,(anonymous_2)
FNDA:0,(anonymous_3)
FNDA:2,(anonymous_4)
FNDA:2,(anonymous_5)
FNDA:1,trackSecurityEvent
FNDA:1,logSecurityEvent
FNDA:5,getErrorMessage
FNDA:0,validateGooglePlayPurchase
DA:7,1
DA:8,1
DA:9,1
DA:10,1
DA:11,1
DA:12,1
DA:13,1
DA:16,1
DA:17,1
DA:20,1
DA:23,1
DA:37,17
DA:39,17
DA:40,0
DA:43,17
DA:49,17
DA:51,17
DA:54,16
DA:55,1
DA:56,1
DA:59,16
DA:62,16
DA:63,5
DA:66,5
DA:67,5
DA:70,5
DA:78,11
DA:80,11
DA:81,1
DA:85,10
DA:86,10
DA:87,10
DA:88,1
DA:93,1
DA:98,1
DA:107,9
DA:108,9
DA:110,9
DA:111,1
DA:112,1
DA:115,1
DA:116,1
DA:117,1
DA:118,1
DA:120,1
DA:125,1
DA:135,8
DA:136,8
DA:137,1
DA:142,1
DA:146,8
DA:154,8
DA:155,1
DA:161,1
DA:164,8
DA:189,2
DA:191,2
DA:192,2
DA:195,2
DA:206,4
DA:208,4
DA:210,4
DA:211,1
DA:212,1
DA:216,3
DA:218,3
DA:219,1
DA:220,1
DA:223,2
DA:226,2
DA:227,0
DA:228,0
DA:229,0
DA:231,0
DA:232,0
DA:237,2
DA:238,2
DA:242,2
DA:243,1
DA:245,1
DA:249,1
DA:251,1
DA:254,1
DA:257,1
DA:263,1
DA:271,1
DA:273,1
DA:274,1
DA:281,1
DA:289,1
DA:291,1
DA:292,1
DA:298,1
DA:308,5
DA:321,5
DA:336,0
DA:339,1
LF:97
LH:90
BRDA:36,0,0,0
BRDA:39,1,0,0
BRDA:39,1,1,17
BRDA:54,2,0,1
BRDA:54,2,1,15
BRDA:62,3,0,5
BRDA:62,3,1,11
BRDA:66,4,0,5
BRDA:66,4,1,0
BRDA:78,5,0,10
BRDA:78,5,1,1
BRDA:80,6,0,1
BRDA:80,6,1,10
BRDA:85,7,0,10
BRDA:85,7,1,0
BRDA:87,8,0,1
BRDA:87,8,1,9
BRDA:110,9,0,1
BRDA:110,9,1,8
BRDA:115,10,0,1
BRDA:115,10,1,0
BRDA:117,11,0,1
BRDA:117,11,1,0
BRDA:136,12,0,1
BRDA:136,12,1,7
BRDA:136,13,0,8
BRDA:136,13,1,1
BRDA:146,14,0,8
BRDA:146,14,1,0
BRDA:154,15,0,1
BRDA:154,15,1,7
BRDA:169,16,0,4
BRDA:169,16,1,4
BRDA:177,17,0,1
BRDA:177,17,1,7
BRDA:191,18,0,2
BRDA:191,18,1,0
BRDA:210,19,0,1
BRDA:210,19,1,3
BRDA:218,20,0,1
BRDA:218,20,1,2
BRDA:218,21,0,3
BRDA:218,21,1,2
BRDA:218,21,2,2
BRDA:228,22,0,0
BRDA:228,22,1,0
BRDA:231,23,0,0
BRDA:231,23,1,0
BRDA:242,24,0,1
BRDA:242,24,1,1
BRDA:321,25,0,5
BRDA:321,25,1,0
BRF:52
BRH:39
end_of_record
TN:
SF:modules/webhooks.js
FN:38,verifyWebhookSignature
FN:76,(anonymous_1)
FN:77,(anonymous_2)
FN:91,(anonymous_3)
FN:95,(anonymous_4)
FN:145,handleWebhookNotification
FN:236,handleSubscriptionStart
FN:278,handleSubscriptionRenewal
FN:315,handleSubscriptionFailure
FN:361,handleRenewalStatusChange
FN:411,handleSubscriptionExpired
FN:458,handleGracePeriodExpired
FN:497,handleRefundEnhanced
FN:566,processRefund
FN:635,handleConsumptionRequest
FN:645,handleRenewalExtended
FN:654,handlePriceIncrease
FN:675,handleRefundDeclined
FN:684,handleRenewalExtension
FN:693,handleOfferRedeemed
FN:717,getUserIdFromTransaction
FN:734,trackRefundForFraudDetection
FN:749,getRefundCount
FN:763,sendRefundNotification
FN:786,logSecurityEvent
FNF:25
FNH:0
FNDA:0,verifyWebhookSignature
FNDA:0,(anonymous_1)
FNDA:0,(anonymous_2)
FNDA:0,(anonymous_3)
FNDA:0,(anonymous_4)
FNDA:0,handleWebhookNotification
FNDA:0,handleSubscriptionStart
FNDA:0,handleSubscriptionRenewal
FNDA:0,handleSubscriptionFailure
FNDA:0,handleRenewalStatusChange
FNDA:0,handleSubscriptionExpired
FNDA:0,handleGracePeriodExpired
FNDA:0,handleRefundEnhanced
FNDA:0,processRefund
FNDA:0,handleConsumptionRequest
FNDA:0,handleRenewalExtended
FNDA:0,handlePriceIncrease
FNDA:0,handleRefundDeclined
FNDA:0,handleRenewalExtension
FNDA:0,handleOfferRedeemed
FNDA:0,getUserIdFromTransaction
FNDA:0,trackRefundForFraudDetection
FNDA:0,getRefundCount
FNDA:0,sendRefundNotification
FNDA:0,logSecurityEvent
DA:12,0
DA:13,0
DA:14,0
DA:15,0
DA:18,0
DA:21,0
DA:39,0
DA:41,0
DA:43,0
DA:44,0
DA:49,0
DA:54,0
DA:58,0
DA:60,0
DA:61,0
DA:65,0
DA:70,0
DA:73,0
DA:76,0
DA:77,0
DA:78,0
DA:79,0
DA:83,0
DA:85,0
DA:86,0
DA:91,0
DA:92,0
DA:96,0
DA:97,0
DA:101,0
DA:103,0
DA:107,0
DA:113,0
DA:118,0
DA:121,0
DA:128,0
DA:134,0
DA:146,0
DA:147,0
DA:148,0
DA:150,0
DA:155,0
DA:157,0
DA:159,0
DA:160,0
DA:163,0
DA:164,0
DA:167,0
DA:168,0
DA:171,0
DA:172,0
DA:175,0
DA:176,0
DA:179,0
DA:180,0
DA:185,0
DA:186,0
DA:189,0
DA:190,0
DA:193,0
DA:194,0
DA:197,0
DA:198,0
DA:201,0
DA:202,0
DA:205,0
DA:206,0
DA:209,0
DA:210,0
DA:213,0
DA:214,0
DA:217,0
DA:224,0
DA:229,0
DA:237,0
DA:239,0
DA:240,0
DA:242,0
DA:243,0
DA:244,0
DA:247,0
DA:248,0
DA:249,0
DA:251,0
DA:252,0
DA:259,0
DA:269,0
DA:279,0
DA:281,0
DA:282,0
DA:284,0
DA:285,0
DA:288,0
DA:289,0
DA:290,0
DA:292,0
DA:294,0
DA:299,0
DA:306,0
DA:316,0
DA:318,0
DA:319,0
DA:321,0
DA:322,0
DA:325,0
DA:326,0
DA:328,0
DA:330,0
DA:337,0
DA:346,0
DA:352,0
DA:362,0
DA:364,0
DA:365,0
DA:367,0
DA:368,0
DA:371,0
DA:372,0
DA:374,0
DA:375,0
DA:378,0
DA:383,0
DA:390,0
DA:391,0
DA:402,0
DA:412,0
DA:414,0
DA:415,0
DA:417,0
DA:418,0
DA:421,0
DA:422,0
DA:424,0
DA:426,0
DA:434,0
DA:443,0
DA:449,0
DA:459,0
DA:461,0
DA:462,0
DA:464,0
DA:465,0
DA:468,0
DA:469,0
DA:471,0
DA:473,0
DA:481,0
DA:487,0
DA:498,0
DA:499,0
DA:501,0
DA:503,0
DA:505,0
DA:506,0
DA:507,0
DA:511,0
DA:513,0
DA:514,0
DA:515,0
DA:517,0
DA:518,0
DA:519,0
DA:522,0
DA:530,0
DA:534,0
DA:536,0
DA:540,0
DA:541,0
DA:545,0
DA:548,0
DA:549,0
DA:551,0
DA:552,0
DA:556,0
DA:567,0
DA:568,0
DA:570,0
DA:571,0
DA:572,0
DA:575,0
DA:582,0
DA:589,0
DA:595,0
DA:598,0
DA:600,0
DA:601,0
DA:607,0
DA:614,0
DA:615,0
DA:621,0
DA:629,0
DA:636,0
DA:637,0
DA:638,0
DA:646,0
DA:647,0
DA:648,0
DA:655,0
DA:656,0
DA:658,0
DA:659,0
DA:661,0
DA:663,0
DA:676,0
DA:677,0
DA:678,0
DA:685,0
DA:686,0
DA:687,0
DA:694,0
DA:695,0
DA:697,0
DA:698,0
DA:700,0
DA:701,0
DA:718,0
DA:720,0
DA:725,0
DA:726,0
DA:728,0
DA:735,0
DA:737,0
DA:750,0
DA:752,0
DA:757,0
DA:764,0
DA:766,0
DA:767,0
DA:777,0
DA:787,0
DA:789,0
DA:790,0
DA:796,0
DA:802,0
LF:234
LH:0
BRDA:43,0,0,0
BRDA:43,0,1,0
BRDA:60,1,0,0
BRDA:60,1,1,0
BRDA:60,2,0,0
BRDA:60,2,1,0
BRDA:60,2,2,0
BRDA:78,3,0,0
BRDA:78,3,1,0
BRDA:85,4,0,0
BRDA:85,4,1,0
BRDA:96,5,0,0
BRDA:96,5,1,0
BRDA:157,6,0,0
BRDA:157,6,1,0
BRDA:157,6,2,0
BRDA:157,6,3,0
BRDA:157,6,4,0
BRDA:157,6,5,0
BRDA:157,6,6,0
BRDA:157,6,7,0
BRDA:157,6,8,0
BRDA:157,6,9,0
BRDA:157,6,10,0
BRDA:157,6,11,0
BRDA:157,6,12,0
BRDA:157,6,13,0
BRDA:157,6,14,0
BRDA:157,6,15,0
BRDA:242,7,0,0
BRDA:242,7,1,0
BRDA:251,8,0,0
BRDA:251,8,1,0
BRDA:284,9,0,0
BRDA:284,9,1,0
BRDA:292,10,0,0
BRDA:292,10,1,0
BRDA:321,11,0,0
BRDA:321,11,1,0
BRDA:328,12,0,0
BRDA:328,12,1,0
BRDA:367,13,0,0
BRDA:367,13,1,0
BRDA:374,14,0,0
BRDA:374,14,1,0
BRDA:390,15,0,0
BRDA:390,15,1,0
BRDA:417,16,0,0
BRDA:417,16,1,0
BRDA:424,17,0,0
BRDA:424,17,1,0
BRDA:464,18,0,0
BRDA:464,18,1,0
BRDA:471,19,0,0
BRDA:471,19,1,0
BRDA:505,20,0,0
BRDA:505,20,1,0
BRDA:517,21,0,0
BRDA:517,21,1,0
BRDA:534,22,0,0
BRDA:534,22,1,0
BRDA:540,23,0,0
BRDA:540,23,1,0
BRDA:600,24,0,0
BRDA:600,24,1,0
BRDA:614,25,0,0
BRDA:614,25,1,0
BRDA:637,26,0,0
BRDA:637,26,1,0
BRDA:647,27,0,0
BRDA:647,27,1,0
BRDA:658,28,0,0
BRDA:658,28,1,0
BRDA:661,29,0,0
BRDA:661,29,1,0
BRDA:677,30,0,0
BRDA:677,30,1,0
BRDA:686,31,0,0
BRDA:686,31,1,0
BRDA:697,32,0,0
BRDA:697,32,1,0
BRDA:700,33,0,0
BRDA:700,33,1,0
BRDA:725,34,0,0
BRDA:725,34,1,0
BRF:85
BRH:0
end_of_record
